{"numTotalTestSuites":245,"numPassedTestSuites":239,"numFailedTestSuites":6,"numPendingTestSuites":0,"numTotalTests":892,"numPassedTests":888,"numFailedTests":4,"numPendingTests":0,"numTodoTests":0,"snapshot":{"added":0,"failure":false,"filesAdded":0,"filesRemoved":0,"filesRemovedList":[],"filesUnmatched":0,"filesUpdated":0,"matched":0,"total":0,"unchecked":0,"uncheckedKeysByFile":[],"unmatched":0,"updated":0,"didUpdate":false},"startTime":1789537095053,"success":false,"testResults":[{"assertionResults":[{"ancestorTitles":["App 草地背景独立加载"],"fullName":"App 草地背景独立加载 初始渲染不含背景 iframe，等空闲回调后才挂载","status":"passed","title":"初始渲染不含背景 iframe，等空闲回调后才挂载","duration":313.54039999999986,"failureMessages":[],"meta":{},"tags":[],"benchmarks":[]},{"ancestorTitles":["App 草地背景独立加载"],"fullName":"App 草地背景独立加载 无 requestIdleCallback 环境下走 setTimeout 兜底加载","status":"passed","title":"无 requestIdleCallback 环境下走 setTimeout 兜底加载","duration":66.73399999999856,"failureMessages":[],"meta":{},"tags":[],"benchmarks":[]},{"ancestorTitles":["App 草地背景独立加载"],"fullName":"App 草地背景独立加载 除聊天类路由外显示背景，聊天类路由微窗隐藏（文档常驻）","status":"passed","title":"除聊天类路由外显示背景，聊天类路由微窗隐藏（文档常驻）","duration":82.22990000000027,"failureMessages":[],"meta":{},"tags":[],"benchmarks":[]},{"ancestorTitles":["App 草地背景独立加载"],"fullName":"App 草地背景独立加载 进入聊天路由隐藏、离开后秒开：src 恒定、就绪态不重置","status":"passed","title":"进入聊天路由隐藏、离开后秒开：src 恒定、就绪态不重置","duration":55.47680000000037,"failureMessages":[],"meta":{},"tags":[],"benchmarks":[]},{"ancestorTitles":["App 草地背景独立加载"],"fullName":"App 草地背景独立加载 刷新直达聊天路由时 iframe 常驻隐藏挂载，应用照常运行","status":"passed","title":"刷新直达聊天路由时 iframe 常驻隐藏挂载，应用照常运行","duration":41.92649999999958,"failureMessages":[],"meta":{},"tags":[],"benchmarks":[]},{"ancestorTitles":["App 草地背景独立加载"],"fullName":"App 草地背景独立加载 背景首次加载失败时重试一次后恢复，耗尽后才移除","status":"passed","title":"背景首次加载失败时重试一次后恢复，耗尽后才移除","duration":74.19729999999981,"failureMessages":[],"meta":{},"tags":[],"benchmarks":[]},{"ancestorTitles":["App 草地背景独立加载"],"fullName":"App 草地背景独立加载 门控揭示：就绪前保持隐藏，收到 jiu-xu 后才显现","status":"passed","title":"门控揭示：就绪前保持隐藏，收到 jiu-xu 后才显现","duration":76.6283999999996,"failureMessages":[],"meta":{},"tags":[],"benchmarks":[]},{"ancestorTitles":["App 草地背景独立加载"],"fullName":"App 草地背景独立加载 门控失败：收到 shi-bai 后隐藏背景并提示，应用照常运行","status":"passed","title":"门控失败：收到 shi-bai 后隐藏背景并提示，应用照常运行","duration":65.95930000000044,"failureMessages":[],"meta":{},"tags":[],"benchmarks":[]},{"ancestorTitles":["App 草地背景独立加载"],"fullName":"App 草地背景独立加载 FP-02 父层退化淡入（原FP-01中央展开已同步为opacity语义）：父层仅opacity显现无圆形扩散并尊重减少动态偏好","status":"passed","title":"FP-02 父层退化淡入（原FP-01中央展开已同步为opacity语义）：父层仅opacity显现无圆形扩散并尊重减少动态偏好","duration":3.5442000000002736,"failureMessages":[],"meta":{},"tags":[],"benchmarks":[]}],"startTime":1789537103036,"endTime":1789537103816.5442,"status":"passed","message":"","name":"D:/xuanr/Desktop/燃烧之陨我的世界服务端/和我恋爱吧/frontend/src/__tests__/App背景加载.test.ts"},{"assertionResults":[{"ancestorTitles":["FP-01 草地背景配置与节流"],"fullName":"FP-01 草地背景配置与节流 默认禁用第三方分析","status":"passed","title":"默认禁用第三方分析","duration":3.4615000000012515,"failureMessages":[],"meta":{},"tags":[],"benchmarks":[]},{"ancestorTitles":["FP-01 草地背景配置与节流"],"fullName":"FP-01 草地背景配置与节流 背景地址带版本可缓存且默认关闭分析","status":"passed","title":"背景地址带版本可缓存且默认关闭分析","duration":2.6172999999980675,"failureMessages":[],"meta":{},"tags":[],"benchmarks":[]},{"ancestorTitles":["FP-01 草地背景配置与节流"],"fullName":"FP-01 草地背景配置与节流 显式开启分析时地址带 fenXi=1","status":"passed","title":"显式开启分析时地址带 fenXi=1","duration":0.29429999999774736,"failureMessages":[],"meta":{},"tags":[],"benchmarks":[]},{"ancestorTitles":["FP-01 草地背景配置与节流"],"fullName":"FP-01 草地背景配置与节流 可配置覆盖采样间隔与帧间隔与重试上限","status":"passed","title":"可配置覆盖采样间隔与帧间隔与重试上限","duration":0.31820000000152504,"failureMessages":[],"meta":{},"tags":[],"benchmarks":[]},{"ancestorTitles":["FP-01 草地背景配置与节流"],"fullName":"FP-01 草地背景配置与节流 命中屏蔽名单的第三方请求被拦截","status":"passed","title":"命中屏蔽名单的第三方请求被拦截","duration":2.8117999999994936,"failureMessages":[],"meta":{},"tags":[],"benchmarks":[]},{"ancestorTitles":["FP-01 草地背景配置与节流"],"fullName":"FP-01 草地背景配置与节流 非法输入不拦截不抛错","status":"passed","title":"非法输入不拦截不抛错","duration":0.38660000000163564,"failureMessages":[],"meta":{},"tags":[],"benchmarks":[]},{"ancestorTitles":["FP-01 草地背景配置与节流"],"fullName":"FP-01 草地背景配置与节流 分析采样按最小间隔放行","status":"passed","title":"分析采样按最小间隔放行","duration":0.3533999999999651,"failureMessages":[],"meta":{},"tags":[],"benchmarks":[]},{"ancestorTitles":["FP-01 草地背景配置与节流"],"fullName":"FP-01 草地背景配置与节流 帧节流按最小间隔放行","status":"passed","title":"帧节流按最小间隔放行","duration":0.3364000000001397,"failureMessages":[],"meta":{},"tags":[],"benchmarks":[]},{"ancestorTitles":["FP-01 草地背景配置与节流"],"fullName":"FP-01 草地背景配置与节流 像素比封顶不超过1.25","status":"passed","title":"像素比封顶不超过1.25","duration":0.2769000000007509,"failureMessages":[],"meta":{},"tags":[],"benchmarks":[]}],"startTime":1789537113364,"endTime":1789537113374.3535,"status":"passed","message":"","name":"D:/xuanr/Desktop/燃烧之陨我的世界服务端/和我恋爱吧/frontend/src/__tests__/caoDiBeiJing.test.ts"},{"assertionResults":[{"ancestorTitles":["FP-05 无空格门禁"],"fullName":"FP-05 无空格门禁 前端翻译文件零中英数字混排空格","status":"passed","title":"前端翻译文件零中英数字混排空格","duration":3.460899999998219,"failureMessages":[],"meta":{},"tags":[],"benchmarks":[]},{"ancestorTitles":["FP-05 无空格门禁"],"fullName":"FP-05 无空格门禁 后端翻译文件零中英数字混排空格","status":"passed","title":"后端翻译文件零中英数字混排空格","duration":0.5455000000001746,"failureMessages":[],"meta":{},"tags":[],"benchmarks":[]},{"ancestorTitles":["FP-05 无空格门禁"],"fullName":"FP-05 无空格门禁 账号与安全描述走翻译无硬编码","status":"passed","title":"账号与安全描述走翻译无硬编码","duration":0.7739999999976135,"failureMessages":[],"meta":{},"tags":[],"benchmarks":[]},{"ancestorTitles":["FP-05 无空格门禁"],"fullName":"FP-05 无空格门禁 模板插值组合零空格","status":"passed","title":"模板插值组合零空格","duration":1.3264999999992142,"failureMessages":[],"meta":{},"tags":[],"benchmarks":[]},{"ancestorTitles":["FP-05 无空格门禁"],"fullName":"FP-05 无空格门禁 后端工具用户可见提示零中英数字混排空格","status":"passed","title":"后端工具用户可见提示零中英数字混排空格","duration":0.7589999999981956,"failureMessages":[],"meta":{},"tags":[],"benchmarks":[]},{"ancestorTitles":["FP-05 无空格门禁"],"fullName":"FP-05 无空格门禁 后端全路由用户可见提示零中英数字混排空格","status":"passed","title":"后端全路由用户可见提示零中英数字混排空格","duration":3.941399999999703,"failureMessages":[],"meta":{},"tags":[],"benchmarks":[]},{"ancestorTitles":["FP-05 无空格门禁"],"fullName":"FP-05 无空格门禁 前端模板纯文本零中英数字混排空格","status":"passed","title":"前端模板纯文本零中英数字混排空格","duration":7.010400000002846,"failureMessages":[],"meta":{},"tags":[],"benchmarks":[]},{"ancestorTitles":["FP-05 无空格门禁"],"fullName":"FP-05 无空格门禁 页面描述与协议文本零中英数字混排空格","status":"failed","title":"页面描述与协议文本零中英数字混排空格","duration":7.016700000000128,"failureMessages":["AssertionError: expected [ Array(1) ] to deeply equal []\n    at D:/xuanr/Desktop/燃烧之陨我的世界服务端/和我恋爱吧/frontend/src/__tests__/FP05无空格门禁.test.ts:170:20\n    at file:///D:/xuanr/Desktop/%E7%87%83%E7%83%A7%E4%B9%8B%E9%99%A8%E6%88%91%E7%9A%84%E4%B8%96%E7%95%8C%E6%9C%8D%E5%8A%A1%E7%AB%AF/%E5%92%8C%E6%88%91%E6%81%8B%E7%88%B1%E5%90%A7/frontend/node_modules/vitest/dist/chunks/run.CQOUYP-x.js:1628:35\n    at file:///D:/xuanr/Desktop/%E7%87%83%E7%83%A7%E4%B9%8B%E9%99%A8%E6%88%91%E7%9A%84%E4%B8%96%E7%95%8C%E6%9C%8D%E5%8A%A1%E7%AB%AF/%E5%92%8C%E6%88%91%E6%81%8B%E7%88%B1%E5%90%A7/frontend/node_modules/vitest/dist/chunks/run.CQOUYP-x.js:2783:26\n    at file:///D:/xuanr/Desktop/%E7%87%83%E7%83%A7%E4%B9%8B%E9%99%A8%E6%88%91%E7%9A%84%E4%B8%96%E7%95%8C%E6%9C%8D%E5%8A%A1%E7%AB%AF/%E5%92%8C%E6%88%91%E6%81%8B%E7%88%B1%E5%90%A7/frontend/node_modules/vitest/dist/chunks/run.CQOUYP-x.js:3319:20\n    at new Promise (<anonymous>)\n    at runWithCancel (file:///D:/xuanr/Desktop/%E7%87%83%E7%83%A7%E4%B9%8B%E9%99%A8%E6%88%91%E7%9A%84%E4%B8%96%E7%95%8C%E6%9C%8D%E5%8A%A1%E7%AB%AF/%E5%92%8C%E6%88%91%E6%81%8B%E7%88%B1%E5%90%A7/frontend/node_modules/vitest/dist/chunks/run.CQOUYP-x.js:3314:10)\n    at file:///D:/xuanr/Desktop/%E7%87%83%E7%83%A7%E4%B9%8B%E9%99%A8%E6%88%91%E7%9A%84%E4%B8%96%E7%95%8C%E6%9C%8D%E5%8A%A1%E7%AB%AF/%E5%92%8C%E6%88%91%E6%81%8B%E7%88%B1%E5%90%A7/frontend/node_modules/vitest/dist/chunks/run.CQOUYP-x.js:3299:20\n    at new Promise (<anonymous>)\n    at runWithTimeout (file:///D:/xuanr/Desktop/%E7%87%83%E7%83%A7%E4%B9%8B%E9%99%A8%E6%88%91%E7%9A%84%E4%B8%96%E7%95%8C%E6%9C%8D%E5%8A%A1%E7%AB%AF/%E5%92%8C%E6%88%91%E6%81%8B%E7%88%B1%E5%90%A7/frontend/node_modules/vitest/dist/chunks/run.CQOUYP-x.js:3257:10)\n    at file:///D:/xuanr/Desktop/%E7%87%83%E7%83%A7%E4%B9%8B%E9%99%A8%E6%88%91%E7%9A%84%E4%B8%96%E7%95%8C%E6%9C%8D%E5%8A%A1%E7%AB%AF/%E5%92%8C%E6%88%91%E6%81%8B%E7%88%B1%E5%90%A7/frontend/node_modules/vitest/dist/chunks/run.CQOUYP-x.js:3876:64"],"meta":{},"tags":[],"benchmarks":[]}],"startTime":1789537114961,"endTime":1789537114986.0166,"status":"failed","message":"","name":"D:/xuanr/Desktop/燃烧之陨我的世界服务端/和我恋爱吧/frontend/src/__tests__/FP05无空格门禁.test.ts"},{"assertionResults":[{"ancestorTitles":["FP-07 语音条右键菜单单源两项"],"fullName":"FP-07 语音条右键菜单单源两项 语音菜单配置仅含语音转文字与引用两项","status":"passed","title":"语音菜单配置仅含语音转文字与引用两项","duration":3.469199999999546,"failureMessages":[],"meta":{},"tags":[],"benchmarks":[]},{"ancestorTitles":["FP-07 语音条右键菜单单源两项"],"fullName":"FP-07 语音条右键菜单单源两项 菜单项全部来自翻译文件且无多选收藏提醒删除","status":"passed","title":"菜单项全部来自翻译文件且无多选收藏提醒删除","duration":2.9425000000010186,"failureMessages":[],"meta":{},"tags":[],"benchmarks":[]},{"ancestorTitles":["FP-07 语音条右键菜单单源两项"],"fullName":"FP-07 语音条右键菜单单源两项 转文字链路：随消息转写优先，远端免费转写次之，本地识别兜底","status":"passed","title":"转文字链路：随消息转写优先，远端免费转写次之，本地识别兜底","duration":0.6357000000007247,"failureMessages":[],"meta":{},"tags":[],"benchmarks":[]},{"ancestorTitles":["FP-07 语音条右键菜单单源两项"],"fullName":"FP-07 语音条右键菜单单源两项 聊天页面语音菜单经单源渲染两项","status":"passed","title":"聊天页面语音菜单经单源渲染两项","duration":0.8418000000001484,"failureMessages":[],"meta":{},"tags":[],"benchmarks":[]},{"ancestorTitles":["FP-07 use长按菜单语音分支"],"fullName":"FP-07 use长按菜单语音分支 语音消息右键打开语音菜单并记录坐标","status":"passed","title":"语音消息右键打开语音菜单并记录坐标","duration":5.572000000000116,"failureMessages":[],"meta":{},"tags":[],"benchmarks":[]},{"ancestorTitles":["FP-07 use长按菜单语音分支"],"fullName":"FP-07 use长按菜单语音分支 角色语音与超时语音同样可打开语音菜单","status":"passed","title":"角色语音与超时语音同样可打开语音菜单","duration":1.3391999999985273,"failureMessages":[],"meta":{},"tags":[],"benchmarks":[]},{"ancestorTitles":["FP-07 use长按菜单语音分支"],"fullName":"FP-07 use长按菜单语音分支 已撤回语音与文本消息不打开语音菜单","status":"passed","title":"已撤回语音与文本消息不打开语音菜单","duration":1.000400000000809,"failureMessages":[],"meta":{},"tags":[],"benchmarks":[]},{"ancestorTitles":["FP-07 use长按菜单语音分支"],"fullName":"FP-07 use长按菜单语音分支 语音消息不走撤回菜单：daKaiCaiDan直接忽略","status":"passed","title":"语音消息不走撤回菜单：daKaiCaiDan直接忽略","duration":1.025100000000748,"failureMessages":[],"meta":{},"tags":[],"benchmarks":[]},{"ancestorTitles":["FP-07 use长按菜单语音分支"],"fullName":"FP-07 use长按菜单语音分支 文本消息仍走撤回菜单不受影响","status":"passed","title":"文本消息仍走撤回菜单不受影响","duration":0.869300000000294,"failureMessages":[],"meta":{},"tags":[],"benchmarks":[]},{"ancestorTitles":["FP-07 use长按菜单语音分支"],"fullName":"FP-07 use长按菜单语音分支 语音长按500ms打开菜单，提前松手取消","status":"passed","title":"语音长按500ms打开菜单，提前松手取消","duration":3.790899999999965,"failureMessages":[],"meta":{},"tags":[],"benchmarks":[]},{"ancestorTitles":["FP-07 use长按菜单语音分支"],"fullName":"FP-07 use长按菜单语音分支 引用项写入引用链路并关闭菜单","status":"passed","title":"引用项写入引用链路并关闭菜单","duration":1.217900000001464,"failureMessages":[],"meta":{},"tags":[],"benchmarks":[]},{"ancestorTitles":["FP-07 use长按菜单语音分支"],"fullName":"FP-07 use长按菜单语音分支 转文字项走本地链路并关闭菜单","status":"passed","title":"转文字项走本地链路并关闭菜单","duration":1.2406000000009954,"failureMessages":[],"meta":{},"tags":[],"benchmarks":[]},{"ancestorTitles":["FP-07 use长按菜单语音分支"],"fullName":"FP-07 use长按菜单语音分支 引用摘要对文本截断且可取消","status":"passed","title":"引用摘要对文本截断且可取消","duration":1.4606999999996333,"failureMessages":[],"meta":{},"tags":[],"benchmarks":[]},{"ancestorTitles":["FP-07 use长按菜单语音分支"],"fullName":"FP-07 use长按菜单语音分支 菜单项与配置单源一致","status":"passed","title":"菜单项与配置单源一致","duration":1.3844999999982974,"failureMessages":[],"meta":{},"tags":[],"benchmarks":[]},{"ancestorTitles":["FP-07 use语音转文字免费本地"],"fullName":"FP-07 use语音转文字免费本地 转写成功缓存文本且二次调用不再启动识别","status":"passed","title":"转写成功缓存文本且二次调用不再启动识别","duration":3.0045000000009168,"failureMessages":[],"meta":{},"tags":[],"benchmarks":[]},{"ancestorTitles":["FP-07 use语音转文字免费本地"],"fullName":"FP-07 use语音转文字免费本地 无识别能力时仅标记内联失败态，不再抛全局输入框错误","status":"passed","title":"无识别能力时仅标记内联失败态，不再抛全局输入框错误","duration":0.3829999999998108,"failureMessages":[],"meta":{},"tags":[],"benchmarks":[]},{"ancestorTitles":["FP-07 use语音转文字免费本地"],"fullName":"FP-07 use语音转文字免费本地 识别失败仅标记内联失败态，不再抛全局输入框错误","status":"passed","title":"识别失败仅标记内联失败态，不再抛全局输入框错误","duration":0.31790000000000873,"failureMessages":[],"meta":{},"tags":[],"benchmarks":[]},{"ancestorTitles":["FP-07 use语音转文字免费本地"],"fullName":"FP-07 use语音转文字免费本地 转写中状态可查询且结束后清除","status":"passed","title":"转写中状态可查询且结束后清除","duration":0.26859999999942374,"failureMessages":[],"meta":{},"tags":[],"benchmarks":[]},{"ancestorTitles":["FP-07 use语音转文字免费本地"],"fullName":"FP-07 use语音转文字免费本地 切换显示：成功后展开，再次点击收起","status":"passed","title":"切换显示：成功后展开，再次点击收起","duration":0.4171999999998661,"failureMessages":[],"meta":{},"tags":[],"benchmarks":[]},{"ancestorTitles":["FP-07 聊天页面语音菜单两项可用"],"fullName":"FP-07 聊天页面语音菜单两项可用 语音条右键菜单仅两项：语音转文字与引用","status":"passed","title":"语音条右键菜单仅两项：语音转文字与引用","duration":412.10230000000047,"failureMessages":[],"meta":{},"tags":[],"benchmarks":[]},{"ancestorTitles":["FP-07 聊天页面语音菜单两项可用"],"fullName":"FP-07 聊天页面语音菜单两项可用 语音条不弹撤回菜单","status":"passed","title":"语音条不弹撤回菜单","duration":126.5106999999989,"failureMessages":[],"meta":{},"tags":[],"benchmarks":[]},{"ancestorTitles":["FP-07 聊天页面语音菜单两项可用"],"fullName":"FP-07 聊天页面语音菜单两项可用 引用可用：点击后输入区出现引用预览且可取消","status":"passed","title":"引用可用：点击后输入区出现引用预览且可取消","duration":117.16510000000017,"failureMessages":[],"meta":{},"tags":[],"benchmarks":[]},{"ancestorTitles":["FP-07 聊天页面语音菜单两项可用"],"fullName":"FP-07 聊天页面语音菜单两项可用 语音转文字可用：失败仅内联红字不抛输入框错误并关闭菜单","status":"passed","title":"语音转文字可用：失败仅内联红字不抛输入框错误并关闭菜单","duration":103.49709999999868,"failureMessages":[],"meta":{},"tags":[],"benchmarks":[]}],"startTime":1789537102951,"endTime":1789537103742.497,"status":"passed","message":"","name":"D:/xuanr/Desktop/燃烧之陨我的世界服务端/和我恋爱吧/frontend/src/__tests__/FP07语音菜单.test.ts"},{"assertionResults":[{"ancestorTitles":["FP-08 文本条右键菜单单源四项"],"fullName":"FP-08 文本条右键菜单单源四项 文本菜单配置仅含复制翻译引用撤回四项且顺序固定","status":"passed","title":"文本菜单配置仅含复制翻译引用撤回四项且顺序固定","duration":3.714600000000246,"failureMessages":[],"meta":{},"tags":[],"benchmarks":[]},{"ancestorTitles":["FP-08 文本条右键菜单单源四项"],"fullName":"FP-08 文本条右键菜单单源四项 菜单项全部来自翻译文件且无微信外多余项","status":"passed","title":"菜单项全部来自翻译文件且无微信外多余项","duration":4.619099999999889,"failureMessages":[],"meta":{},"tags":[],"benchmarks":[]},{"ancestorTitles":["FP-08 文本条右键菜单单源四项"],"fullName":"FP-08 文本条右键菜单单源四项 聊天页面文本菜单经单源渲染四项","status":"passed","title":"聊天页面文本菜单经单源渲染四项","duration":1.0196999999998297,"failureMessages":[],"meta":{},"tags":[],"benchmarks":[]},{"ancestorTitles":["FP-08 文本条右键菜单单源四项"],"fullName":"FP-08 文本条右键菜单单源四项 翻译失败与复制失败文案走翻译文件","status":"passed","title":"翻译失败与复制失败文案走翻译文件","duration":0.2758000000003449,"failureMessages":[],"meta":{},"tags":[],"benchmarks":[]},{"ancestorTitles":["FP-08 use长按菜单文本分支"],"fullName":"FP-08 use长按菜单文本分支 用户与角色文本均可打开文本菜单并记录坐标","status":"passed","title":"用户与角色文本均可打开文本菜单并记录坐标","duration":6.308600000000297,"failureMessages":[],"meta":{},"tags":[],"benchmarks":[]},{"ancestorTitles":["FP-08 use长按菜单文本分支"],"fullName":"FP-08 use长按菜单文本分支 已撤回系统与非文本消息不打开文本菜单","status":"passed","title":"已撤回系统与非文本消息不打开文本菜单","duration":1.1759999999994761,"failureMessages":[],"meta":{},"tags":[],"benchmarks":[]},{"ancestorTitles":["FP-08 use长按菜单文本分支"],"fullName":"FP-08 use长按菜单文本分支 文本长按500ms打开菜单提前松手取消","status":"passed","title":"文本长按500ms打开菜单提前松手取消","duration":3.5672999999997046,"failureMessages":[],"meta":{},"tags":[],"benchmarks":[]},{"ancestorTitles":["FP-08 use长按菜单文本分支"],"fullName":"FP-08 use长按菜单文本分支 用户2分钟内四项超时与角色三项无撤回","status":"passed","title":"用户2分钟内四项超时与角色三项无撤回","duration":1.271600000000035,"failureMessages":[],"meta":{},"tags":[],"benchmarks":[]},{"ancestorTitles":["FP-08 use长按菜单文本分支"],"fullName":"FP-08 use长按菜单文本分支 复制成功无报错失败报翻译文件信息","status":"passed","title":"复制成功无报错失败报翻译文件信息","duration":1.98279999999977,"failureMessages":[],"meta":{},"tags":[],"benchmarks":[]},{"ancestorTitles":["FP-08 use长按菜单文本分支"],"fullName":"FP-08 use长按菜单文本分支 翻译成功缓存展开二次点击收起三次再展开","status":"passed","title":"翻译成功缓存展开二次点击收起三次再展开","duration":2.56880000000001,"failureMessages":[],"meta":{},"tags":[],"benchmarks":[]},{"ancestorTitles":["FP-08 use长按菜单文本分支"],"fullName":"FP-08 use长按菜单文本分支 翻译空文本缺通道空结果异常均报翻译失败","status":"passed","title":"翻译空文本缺通道空结果异常均报翻译失败","duration":1.704399999999623,"failureMessages":[],"meta":{},"tags":[],"benchmarks":[]},{"ancestorTitles":["FP-08 use长按菜单文本分支"],"fullName":"FP-08 use长按菜单文本分支 引用写入引用链路并关闭菜单且摘要截断可取消","status":"passed","title":"引用写入引用链路并关闭菜单且摘要截断可取消","duration":1.034099999999853,"failureMessages":[],"meta":{},"tags":[],"benchmarks":[]},{"ancestorTitles":["FP-08 use长按菜单文本分支"],"fullName":"FP-08 use长按菜单文本分支 撤回调用仓库并关闭菜单","status":"passed","title":"撤回调用仓库并关闭菜单","duration":0.7020000000002256,"failureMessages":[],"meta":{},"tags":[],"benchmarks":[]},{"ancestorTitles":["FP-08 use长按菜单文本分支"],"fullName":"FP-08 use长按菜单文本分支 语音消息不走文本菜单文本消息不走语音菜单","status":"passed","title":"语音消息不走文本菜单文本消息不走语音菜单","duration":1.5916000000006534,"failureMessages":[],"meta":{},"tags":[],"benchmarks":[]},{"ancestorTitles":["FP-08 聊天页面文本菜单四项可用"],"fullName":"FP-08 聊天页面文本菜单四项可用 用户文本右键菜单四项顺序与翻译一致","status":"passed","title":"用户文本右键菜单四项顺序与翻译一致","duration":435.08720000000085,"failureMessages":[],"meta":{},"tags":[],"benchmarks":[]},{"ancestorTitles":["FP-08 聊天页面文本菜单四项可用"],"fullName":"FP-08 聊天页面文本菜单四项可用 角色文本右键菜单三项无撤回","status":"passed","title":"角色文本右键菜单三项无撤回","duration":142.23210000000017,"failureMessages":[],"meta":{},"tags":[],"benchmarks":[]},{"ancestorTitles":["FP-08 聊天页面文本菜单四项可用"],"fullName":"FP-08 聊天页面文本菜单四项可用 超时用户文本同样三项无撤回","status":"passed","title":"超时用户文本同样三项无撤回","duration":113.98869999999988,"failureMessages":[],"meta":{},"tags":[],"benchmarks":[]},{"ancestorTitles":["FP-08 聊天页面文本菜单四项可用"],"fullName":"FP-08 聊天页面文本菜单四项可用 引用可用点击后输入区出现预览且可取消","status":"passed","title":"引用可用点击后输入区出现预览且可取消","duration":112.69700000000012,"failureMessages":[],"meta":{},"tags":[],"benchmarks":[]},{"ancestorTitles":["FP-08 聊天页面文本菜单四项可用"],"fullName":"FP-08 聊天页面文本菜单四项可用 翻译可用成功后气泡下展示译文失败报翻译文件信息","status":"passed","title":"翻译可用成功后气泡下展示译文失败报翻译文件信息","duration":148.5086999999994,"failureMessages":[],"meta":{},"tags":[],"benchmarks":[]},{"ancestorTitles":["FP-08 聊天页面文本菜单四项可用"],"fullName":"FP-08 聊天页面文本菜单四项可用 复制点击后关闭菜单剪贴板失败报翻译文件信息","status":"passed","title":"复制点击后关闭菜单剪贴板失败报翻译文件信息","duration":135.4952999999996,"failureMessages":[],"meta":{},"tags":[],"benchmarks":[]}],"startTime":1789537099401,"endTime":1789537100521.4954,"status":"passed","message":"","name":"D:/xuanr/Desktop/燃烧之陨我的世界服务端/和我恋爱吧/frontend/src/__tests__/FP08文本菜单.test.ts"},{"assertionResults":[{"ancestorTitles":["FP-09 语音转文字四态"],"fullName":"FP-09 语音转文字四态 初始无失败态","status":"passed","title":"初始无失败态","duration":5.45810000000165,"failureMessages":[],"meta":{},"tags":[],"benchmarks":[]},{"ancestorTitles":["FP-09 语音转文字四态"],"fullName":"FP-09 语音转文字四态 识别失败置失败态且不抛全局输入框错误","status":"passed","title":"识别失败置失败态且不抛全局输入框错误","duration":4.5811999999987165,"failureMessages":[],"meta":{},"tags":[],"benchmarks":[]},{"ancestorTitles":["FP-09 语音转文字四态"],"fullName":"FP-09 语音转文字四态 失败后重试成功清除失败并展开","status":"passed","title":"失败后重试成功清除失败并展开","duration":1.8426999999992404,"failureMessages":[],"meta":{},"tags":[],"benchmarks":[]},{"ancestorTitles":["FP-09 语音转文字四态"],"fullName":"FP-09 语音转文字四态 结果态再次切换收起且不重识别","status":"passed","title":"结果态再次切换收起且不重识别","duration":0.6363000000001193,"failureMessages":[],"meta":{},"tags":[],"benchmarks":[]},{"ancestorTitles":["FP-09 语音转文字四态"],"fullName":"FP-09 语音转文字四态 转写中可查询且无失败态","status":"passed","title":"转写中可查询且无失败态","duration":0.8546999999998661,"failureMessages":[],"meta":{},"tags":[],"benchmarks":[]},{"ancestorTitles":["FP-09 气泡下样式对标微信截图"],"fullName":"FP-09 气泡下样式对标微信截图 结果条样式：圆角6px/边距6px/字号14px/换行","status":"passed","title":"结果条样式：圆角6px/边距6px/字号14px/换行","duration":1.6298999999999069,"failureMessages":[],"meta":{},"tags":[],"benchmarks":[]},{"ancestorTitles":["FP-09 气泡下样式对标微信截图"],"fullName":"FP-09 气泡下样式对标微信截图 用户侧与角色侧分色：用户绿角色灰","status":"passed","title":"用户侧与角色侧分色：用户绿角色灰","duration":1.1242000000002008,"failureMessages":[],"meta":{},"tags":[],"benchmarks":[]},{"ancestorTitles":["FP-09 气泡下样式对标微信截图"],"fullName":"FP-09 气泡下样式对标微信截图 失败态为可选中文本：span红字无点击重试","status":"passed","title":"失败态为可选中文本：span红字无点击重试","duration":1.2317999999995664,"failureMessages":[],"meta":{},"tags":[],"benchmarks":[]},{"ancestorTitles":["FP-09 气泡下样式对标微信截图"],"fullName":"FP-09 气泡下样式对标微信截图 转文字链路：随消息转写优先，远端免费转写次之，本地识别兜底","status":"passed","title":"转文字链路：随消息转写优先，远端免费转写次之，本地识别兜底","duration":0.7165000000004511,"failureMessages":[],"meta":{},"tags":[],"benchmarks":[]},{"ancestorTitles":["FP-09 聊天页面语音转文字可用"],"fullName":"FP-09 聊天页面语音转文字可用 语音气泡存在且转文字区初始为空","status":"passed","title":"语音气泡存在且转文字区初始为空","duration":447.77460000000065,"failureMessages":[],"meta":{},"tags":[],"benchmarks":[]}],"startTime":1789537104245,"endTime":1789537104711.7747,"status":"passed","message":"","name":"D:/xuanr/Desktop/燃烧之陨我的世界服务端/和我恋爱吧/frontend/src/__tests__/FP09语音转文字展示.test.ts"},{"assertionResults":[{"ancestorTitles":["FP-10 多模态工具函数"],"fullName":"FP-10 多模态工具函数 视频消息按扩展名识别且文本文件不受影响","status":"passed","title":"视频消息按扩展名识别且文本文件不受影响","duration":2.888600000000224,"failureMessages":[],"meta":{},"tags":[],"benchmarks":[]},{"ancestorTitles":["FP-10 多模态工具函数"],"fullName":"FP-10 多模态工具函数 生成提示词校验截断且空值拒绝","status":"passed","title":"生成提示词校验截断且空值拒绝","duration":0.4812999999994645,"failureMessages":[],"meta":{},"tags":[],"benchmarks":[]},{"ancestorTitles":["FP-10 多模态工具函数"],"fullName":"FP-10 多模态工具函数 语音发送内容截断500且非字符串归空","status":"passed","title":"语音发送内容截断500且非字符串归空","duration":0.3930000000000291,"failureMessages":[],"meta":{},"tags":[],"benchmarks":[]},{"ancestorTitles":["FP-10 多模态工具函数"],"fullName":"FP-10 多模态工具函数 斜杠指令解析生图与视频且普通文本返回空","status":"passed","title":"斜杠指令解析生图与视频且普通文本返回空","duration":0.41420000000107393,"failureMessages":[],"meta":{},"tags":[],"benchmarks":[]},{"ancestorTitles":["FP-10 语音转文字按钮免费优先独立"],"fullName":"FP-10 语音转文字按钮免费优先独立 composable 随消息转写优先且失败不抛全局错误","status":"passed","title":"composable 随消息转写优先且失败不抛全局错误","duration":2.4166999999997643,"failureMessages":[],"meta":{},"tags":[],"benchmarks":[]},{"ancestorTitles":["FP-10 语音转文字按钮免费优先独立"],"fullName":"FP-10 语音转文字按钮免费优先独立 识别失败仅标记内联失败态","status":"passed","title":"识别失败仅标记内联失败态","duration":2.4336999999995896,"failureMessages":[],"meta":{},"tags":[],"benchmarks":[]},{"ancestorTitles":["FP-10 聊天页面视频与生成一致"],"fullName":"FP-10 聊天页面视频与生成一致 视频文件渲染video标签可播放且普通文件仍为下载卡片","status":"passed","title":"视频文件渲染video标签可播放且普通文件仍为下载卡片","duration":478.32410000000164,"failureMessages":[],"meta":{},"tags":[],"benchmarks":[]},{"ancestorTitles":["FP-10 聊天页面视频与生成一致"],"fullName":"FP-10 聊天页面视频与生成一致 更多面板保持两项且生成入口为独立类名（通话不做）","status":"passed","title":"更多面板保持两项且生成入口为独立类名（通话不做）","duration":123.10289999999986,"failureMessages":[],"meta":{},"tags":[],"benchmarks":[]},{"ancestorTitles":["FP-10 聊天页面视频与生成一致"],"fullName":"FP-10 聊天页面视频与生成一致 语音发送携带本地转写文本不再丢弃","status":"passed","title":"语音发送携带本地转写文本不再丢弃","duration":8.360700000001088,"failureMessages":[],"meta":{},"tags":[],"benchmarks":[]},{"ancestorTitles":["FP-10 聊天页面视频与生成一致"],"fullName":"FP-10 聊天页面视频与生成一致 生成动作成功追加角色消息且失败走翻译提示","status":"passed","title":"生成动作成功追加角色消息且失败走翻译提示","duration":4.622100000000501,"failureMessages":[],"meta":{},"tags":[],"benchmarks":[]},{"ancestorTitles":["FP-10 聊天页面视频与生成一致"],"fullName":"FP-10 聊天页面视频与生成一致 新增翻译键存在且无硬编码残留","status":"passed","title":"新增翻译键存在且无硬编码残留","duration":2.040399999999863,"failureMessages":[],"meta":{},"tags":[],"benchmarks":[]}],"startTime":1789537103028,"endTime":1789537103654.0403,"status":"passed","message":"","name":"D:/xuanr/Desktop/燃烧之陨我的世界服务端/和我恋爱吧/frontend/src/__tests__/FP10多模态.test.ts"},{"assertionResults":[{"ancestorTitles":["FP-04 个人设置页融草地覆盖层"],"fullName":"FP-04 个人设置页融草地覆盖层 覆盖层根透明去不透明实色","status":"passed","title":"覆盖层根透明去不透明实色","duration":7.586299999999028,"failureMessages":[],"meta":{},"tags":[],"benchmarks":[]},{"ancestorTitles":["FP-04 个人设置页融草地覆盖层"],"fullName":"FP-04 个人设置页融草地覆盖层 深浅双主题走全局data-theme单源且区分明显","status":"passed","title":"深浅双主题走全局data-theme单源且区分明显","duration":1.771100000001752,"failureMessages":[],"meta":{},"tags":[],"benchmarks":[]},{"ancestorTitles":["FP-04 个人设置页融草地覆盖层"],"fullName":"FP-04 个人设置页融草地覆盖层 透明毛玻璃罩染与主页同源","status":"passed","title":"透明毛玻璃罩染与主页同源","duration":1.0491000000001804,"failureMessages":[],"meta":{},"tags":[],"benchmarks":[]},{"ancestorTitles":["FP-04 个人设置页融草地覆盖层"],"fullName":"FP-04 个人设置页融草地覆盖层 入口已接入覆盖层且WIP零触碰","status":"passed","title":"入口已接入覆盖层且WIP零触碰","duration":0.6147000000019034,"failureMessages":[],"meta":{},"tags":[],"benchmarks":[]},{"ancestorTitles":["FP-04 个人设置页融草地覆盖层"],"fullName":"FP-04 个人设置页融草地覆盖层 FP-02双形态与FP-03双槽契约不受损","status":"passed","title":"FP-02双形态与FP-03双槽契约不受损","duration":1.5290999999997439,"failureMessages":[],"meta":{},"tags":[],"benchmarks":[]},{"ancestorTitles":["FP-04 个人设置页融草地覆盖层"],"fullName":"FP-04 个人设置页融草地覆盖层 主题切换单源联动无控制台错误","status":"passed","title":"主题切换单源联动无控制台错误","duration":10.268000000000029,"failureMessages":[],"meta":{},"tags":[],"benchmarks":[]},{"ancestorTitles":["FP-04 个人设置页融草地覆盖层"],"fullName":"FP-04 个人设置页融草地覆盖层 覆盖层DOM挂载零错误且选择器可达","status":"passed","title":"覆盖层DOM挂载零错误且选择器可达","duration":20.40639999999985,"failureMessages":[],"meta":{},"tags":[],"benchmarks":[]}],"startTime":1789537111298,"endTime":1789537111342.4065,"status":"passed","message":"","name":"D:/xuanr/Desktop/燃烧之陨我的世界服务端/和我恋爱吧/frontend/src/__tests__/geRenSheZhiRongCaoDi.test.ts"},{"assertionResults":[{"ancestorTitles":["FP-01 草地静态兜底"],"fullName":"FP-01 草地静态兜底 着色器除零六处替换齐全","status":"passed","title":"着色器除零六处替换齐全","duration":5.666900000000169,"failureMessages":[],"meta":{},"tags":[],"benchmarks":[]},{"ancestorTitles":["FP-01 草地静态兜底"],"fullName":"FP-01 草地静态兜底 着色器补丁覆盖WebGL与WebGL2","status":"passed","title":"着色器补丁覆盖WebGL与WebGL2","duration":1.0592999999989843,"failureMessages":[],"meta":{},"tags":[],"benchmarks":[]},{"ancestorTitles":["FP-01 草地静态兜底"],"fullName":"FP-01 草地静态兜底 生产环境控制台零刷屏：报错走内存收集且打印需debug门控","status":"passed","title":"生产环境控制台零刷屏：报错走内存收集且打印需debug门控","duration":2.1679000000003725,"failureMessages":[],"meta":{},"tags":[],"benchmarks":[]},{"ancestorTitles":["FP-01 草地静态兜底"],"fullName":"FP-01 草地静态兜底 缺失三维库回退静默：打印需debug门控但回退照常","status":"passed","title":"缺失三维库回退静默：打印需debug门控但回退照常","duration":0.8924999999999272,"failureMessages":[],"meta":{},"tags":[],"benchmarks":[]},{"ancestorTitles":["FP-01 草地静态兜底"],"fullName":"FP-01 草地静态兜底 主引擎像素比封顶：改写devicePixelRatio上限为配置值","status":"passed","title":"主引擎像素比封顶：改写devicePixelRatio上限为配置值","duration":0.7557999999989988,"failureMessages":[],"meta":{},"tags":[],"benchmarks":[]},{"ancestorTitles":["FP-01 草地静态兜底"],"fullName":"FP-01 草地静态兜底 埋点与音频拦截二合一：XHR发送同时处理两种标记","status":"passed","title":"埋点与音频拦截二合一：XHR发送同时处理两种标记","duration":0.97269999999844,"failureMessages":[],"meta":{},"tags":[],"benchmarks":[]},{"ancestorTitles":["FP-01 草地静态兜底"],"fullName":"FP-01 草地静态兜底 帧间隔与重试上限走地址参数可配置","status":"passed","title":"帧间隔与重试上限走地址参数可配置","duration":0.8937999999998283,"failureMessages":[],"meta":{},"tags":[],"benchmarks":[]},{"ancestorTitles":["FP-01 草地静态兜底"],"fullName":"FP-01 草地静态兜底 双路角色兜底：覆盖层重试与主道路重试均带退避与静态回退","status":"passed","title":"双路角色兜底：覆盖层重试与主道路重试均带退避与静态回退","duration":2.422099999999773,"failureMessages":[],"meta":{},"tags":[],"benchmarks":[]},{"ancestorTitles":["FP-01 草地静态兜底"],"fullName":"FP-01 草地静态兜底 主道路失败不刷屏：T3日志经内存通道且直打控制台需门控","status":"passed","title":"主道路失败不刷屏：T3日志经内存通道且直打控制台需门控","duration":0.9951000000000931,"failureMessages":[],"meta":{},"tags":[],"benchmarks":[]},{"ancestorTitles":["FP-01 草地静态兜底"],"fullName":"FP-01 草地静态兜底 音频与着色器噪音不刷屏：trace/warn同样进内存且debug门控","status":"passed","title":"音频与着色器噪音不刷屏：trace/warn同样进内存且debug门控","duration":0.9388999999991938,"failureMessages":[],"meta":{},"tags":[],"benchmarks":[]},{"ancestorTitles":["FP-01 草地静态兜底"],"fullName":"FP-01 草地静态兜底 吴昊阳兜底：未就绪延迟显示静态图（门控揭示后才可见）","status":"passed","title":"吴昊阳兜底：未就绪延迟显示静态图（门控揭示后才可见）","duration":0.6886999999987893,"failureMessages":[],"meta":{},"tags":[],"benchmarks":[]},{"ancestorTitles":["FP-01 草地静态兜底"],"fullName":"FP-01 草地静态兜底 门控揭示：草地与吴昊阳双就绪后才圆形扩散，超时报错不揭示","status":"passed","title":"门控揭示：草地与吴昊阳双就绪后才圆形扩散，超时报错不揭示","duration":0.7743999999984226,"failureMessages":[],"meta":{},"tags":[],"benchmarks":[]},{"ancestorTitles":["FP-01 草地静态兜底"],"fullName":"FP-01 草地静态兜底 分阶段机：每一步有名有姓，失败原因带阶段","status":"passed","title":"分阶段机：每一步有名有姓，失败原因带阶段","duration":0.9887000000016997,"failureMessages":[],"meta":{},"tags":[],"benchmarks":[]},{"ancestorTitles":["FP-01 草地静态兜底"],"fullName":"FP-01 草地静态兜底 三道路证据：主道证明接管、覆盖层心跳、静态回收守卫","status":"passed","title":"三道路证据：主道证明接管、覆盖层心跳、静态回收守卫","duration":2.1445999999996275,"failureMessages":[],"meta":{},"tags":[],"benchmarks":[]},{"ancestorTitles":["FP-01 草地静态兜底"],"fullName":"FP-01 草地静态兜底 主道纹理与引擎同类克隆，无image绝不进场景","status":"passed","title":"主道纹理与引擎同类克隆，无image绝不进场景","duration":0.9537000000000262,"failureMessages":[],"meta":{},"tags":[],"benchmarks":[]},{"ancestorTitles":["FP-01 草地静态兜底"],"fullName":"FP-01 草地静态兜底 健康监测放在跳过之前，偶数帧不再吞掉检查","status":"passed","title":"健康监测放在跳过之前，偶数帧不再吞掉检查","duration":2.301400000000285,"failureMessages":[],"meta":{},"tags":[],"benchmarks":[]},{"ancestorTitles":["FP-01 草地静态兜底"],"fullName":"FP-01 草地静态兜底 bundle噪音经四方法收敛：新增GPU回读模式精确过滤","status":"passed","title":"bundle噪音经四方法收敛：新增GPU回读模式精确过滤","duration":1.0200000000004366,"failureMessages":[],"meta":{},"tags":[],"benchmarks":[]},{"ancestorTitles":["FP-01 草地静态兜底"],"fullName":"FP-01 草地静态兜底 FP-01 根因：无常驻400ms主题轮询，稳态事件驱动","status":"passed","title":"FP-01 根因：无常驻400ms主题轮询，稳态事件驱动","duration":0.8161000000000058,"failureMessages":[],"meta":{},"tags":[],"benchmarks":[]},{"ancestorTitles":["FP-01 草地静态兜底"],"fullName":"FP-01 草地静态兜底 FP-01 根因：bundle访问带空守卫与异常兜底","status":"passed","title":"FP-01 根因：bundle访问带空守卫与异常兜底","duration":0.9425999999984924,"failureMessages":[],"meta":{},"tags":[],"benchmarks":[]},{"ancestorTitles":["FP-01 草地静态兜底"],"fullName":"FP-01 草地静态兜底 未染色先展现根因：揭示前同步染色，未染上不揭示","status":"passed","title":"未染色先展现根因：揭示前同步染色，未染上不揭示","duration":0.8909000000003289,"failureMessages":[],"meta":{},"tags":[],"benchmarks":[]},{"ancestorTitles":["FP-01 草地静态兜底"],"fullName":"FP-01 草地静态兜底 未染色先展现根因：补齐线程揭示后未染不自停","status":"passed","title":"未染色先展现根因：补齐线程揭示后未染不自停","duration":0.8942999999999302,"failureMessages":[],"meta":{},"tags":[],"benchmarks":[]},{"ancestorTitles":["FP-01 草地静态兜底"],"fullName":"FP-01 草地静态兜底 未染色先展现根因：染色写入计数置证据位并向门控状态暴露","status":"passed","title":"未染色先展现根因：染色写入计数置证据位并向门控状态暴露","duration":0.9186999999983527,"failureMessages":[],"meta":{},"tags":[],"benchmarks":[]},{"ancestorTitles":["FP-01 草地静态兜底"],"fullName":"FP-01 草地静态兜底 门控阶段诚实：画布缺失记 huaBuJiuXu 而非 yinQingJiuXu","status":"passed","title":"门控阶段诚实：画布缺失记 huaBuJiuXu 而非 yinQingJiuXu","duration":1.3320000000003347,"failureMessages":[],"meta":{},"tags":[],"benchmarks":[]},{"ancestorTitles":["FP-01 草地静态兜底"],"fullName":"FP-01 草地静态兜底 真就绪门控：只认出生即置位的__dcm不够，必须 engine 的 experience:ready","status":"passed","title":"真就绪门控：只认出生即置位的__dcm不够，必须 engine 的 experience:ready","duration":0.8616000000001804,"failureMessages":[],"meta":{},"tags":[],"benchmarks":[]},{"ancestorTitles":["FP-01 草地静态兜底"],"fullName":"FP-01 草地静态兜底 沉降补染：reveal:complete 落定再压染色，最多3次","status":"passed","title":"沉降补染：reveal:complete 落定再压染色，最多3次","duration":0.8041000000011991,"failureMessages":[],"meta":{},"tags":[],"benchmarks":[]},{"ancestorTitles":["FP-01 草地静态兜底"],"fullName":"FP-01 草地静态兜底 事件补染：子系统报到即同步染色，覆盖滞后构建","status":"passed","title":"事件补染：子系统报到即同步染色，覆盖滞后构建","duration":1.030399999999645,"failureMessages":[],"meta":{},"tags":[],"benchmarks":[]},{"ancestorTitles":["FP-01 草地静态兜底"],"fullName":"FP-01 草地静态兜底 FP-01 引擎揭示单飞：门控为唯一驱动，中和bundle自动与点击链，二次调用不变进度","status":"passed","title":"FP-01 引擎揭示单飞：门控为唯一驱动，中和bundle自动与点击链，二次调用不变进度","duration":1.3329999999987194,"failureMessages":[],"meta":{},"tags":[],"benchmarks":[]},{"ancestorTitles":["FP-01 草地静态兜底"],"fullName":"FP-01 草地静态兜底 bundle 契约钉死：真就绪标志与揭示事件存在","status":"passed","title":"bundle 契约钉死：真就绪标志与揭示事件存在","duration":11.416699999999764,"failureMessages":[],"meta":{},"tags":[],"benchmarks":[]},{"ancestorTitles":["FP-01 草地静态兜底"],"fullName":"FP-01 草地静态兜底 芦苇已删除：Pampa默认实例数为0且无残留400配置","status":"passed","title":"芦苇已删除：Pampa默认实例数为0且无残留400配置","duration":10.90309999999954,"failureMessages":[],"meta":{},"tags":[],"benchmarks":[]}],"startTime":1789537110142,"endTime":1789537110200.903,"status":"passed","message":"","name":"D:/xuanr/Desktop/燃烧之陨我的世界服务端/和我恋爱吧/frontend/src/__tests__/grassBgJingTai.test.ts"},{"assertionResults":[{"ancestorTitles":["nginx 配置缓存规则验证","缓存规则逻辑验证"],"fullName":"nginx 配置缓存规则验证 缓存规则逻辑验证 index.html 应该设置 no-cache","status":"passed","title":"index.html 应该设置 no-cache","duration":2.9186999999983527,"failureMessages":[],"meta":{},"tags":[],"benchmarks":[]},{"ancestorTitles":["nginx 配置缓存规则验证","缓存规则逻辑验证"],"fullName":"nginx 配置缓存规则验证 缓存规则逻辑验证 带 hash 的静态资源应该设置 immutable 长缓存","status":"passed","title":"带 hash 的静态资源应该设置 immutable 长缓存","duration":0.42969999999695574,"failureMessages":[],"meta":{},"tags":[],"benchmarks":[]},{"ancestorTitles":["nginx 配置缓存规则验证","缓存规则逻辑验证"],"fullName":"nginx 配置缓存规则验证 缓存规则逻辑验证 非 hash 静态资源应该设置短缓存","status":"passed","title":"非 hash 静态资源应该设置短缓存","duration":0.26310000000012224,"failureMessages":[],"meta":{},"tags":[],"benchmarks":[]},{"ancestorTitles":["nginx 配置缓存规则验证","缓存规则逻辑验证"],"fullName":"nginx 配置缓存规则验证 缓存规则逻辑验证 brotli 压缩配置应该启用","status":"passed","title":"brotli 压缩配置应该启用","duration":1.318199999997887,"failureMessages":[],"meta":{},"tags":[],"benchmarks":[]},{"ancestorTitles":["nginx 配置缓存规则验证","缓存规则逻辑验证"],"fullName":"nginx 配置缓存规则验证 缓存规则逻辑验证 hash 文件名正则匹配应该正确","status":"passed","title":"hash 文件名正则匹配应该正确","duration":0.9994000000006054,"failureMessages":[],"meta":{},"tags":[],"benchmarks":[]},{"ancestorTitles":["nginx 配置缓存规则验证","nginx 配置语法验证"],"fullName":"nginx 配置缓存规则验证 nginx 配置语法验证 nginx.conf 应该包含 brotli 指令","status":"passed","title":"nginx.conf 应该包含 brotli 指令","duration":0.3739999999997963,"failureMessages":[],"meta":{},"tags":[],"benchmarks":[]},{"ancestorTitles":["nginx 配置缓存规则验证","nginx 配置语法验证"],"fullName":"nginx 配置缓存规则验证 nginx 配置语法验证 nginx.conf 应该包含 index.html 缓存规则","status":"passed","title":"nginx.conf 应该包含 index.html 缓存规则","duration":0.29249999999956344,"failureMessages":[],"meta":{},"tags":[],"benchmarks":[]},{"ancestorTitles":["nginx 配置缓存规则验证","nginx 配置语法验证"],"fullName":"nginx 配置缓存规则验证 nginx 配置语法验证 nginx.conf 应该包含 hash 资源缓存规则","status":"passed","title":"nginx.conf 应该包含 hash 资源缓存规则","duration":0.3096000000005006,"failureMessages":[],"meta":{},"tags":[],"benchmarks":[]}],"startTime":1789537113438,"endTime":1789537113445.3096,"status":"passed","message":"","name":"D:/xuanr/Desktop/燃烧之陨我的世界服务端/和我恋爱吧/frontend/src/__tests__/nginx缓存配置.test.ts"},{"assertionResults":[{"ancestorTitles":["jiSuanYuLanShunXu"],"fullName":"jiSuanYuLanShunXu 将源下标元素取出并插入目标下标（向下拖）","status":"passed","title":"将源下标元素取出并插入目标下标（向下拖）","duration":3.496500000001106,"failureMessages":[],"meta":{},"tags":[],"benchmarks":[]},{"ancestorTitles":["jiSuanYuLanShunXu"],"fullName":"jiSuanYuLanShunXu 向上拖到顶部","status":"passed","title":"向上拖到顶部","duration":0.4922999999980675,"failureMessages":[],"meta":{},"tags":[],"benchmarks":[]},{"ancestorTitles":["jiSuanYuLanShunXu"],"fullName":"jiSuanYuLanShunXu 向下拖到底部","status":"passed","title":"向下拖到底部","duration":0.31929999999920256,"failureMessages":[],"meta":{},"tags":[],"benchmarks":[]},{"ancestorTitles":["jiSuanYuLanShunXu"],"fullName":"jiSuanYuLanShunXu 源下标等于目标下标时顺序不变","status":"passed","title":"源下标等于目标下标时顺序不变","duration":0.2981999999974505,"failureMessages":[],"meta":{},"tags":[],"benchmarks":[]},{"ancestorTitles":["jiSuanYuLanShunXu"],"fullName":"jiSuanYuLanShunXu 源下标越界时原样返回","status":"passed","title":"源下标越界时原样返回","duration":0.30750000000261934,"failureMessages":[],"meta":{},"tags":[],"benchmarks":[]},{"ancestorTitles":["jiSuanYuLanShunXu"],"fullName":"jiSuanYuLanShunXu 目标下标越界时夹紧到合法范围","status":"passed","title":"目标下标越界时夹紧到合法范围","duration":0.567800000000716,"failureMessages":[],"meta":{},"tags":[],"benchmarks":[]},{"ancestorTitles":["jiSuanYuLanShunXu"],"fullName":"jiSuanYuLanShunXu 不修改原数组（纯函数）","status":"passed","title":"不修改原数组（纯函数）","duration":0.6005000000004657,"failureMessages":[],"meta":{},"tags":[],"benchmarks":[]},{"ancestorTitles":["jiSuanMuBiaoSuoYin"],"fullName":"jiSuanMuBiaoSuoYin 指针在首卡中心之上 → 落点下标 0","status":"passed","title":"指针在首卡中心之上 → 落点下标 0","duration":0.4750999999996566,"failureMessages":[],"meta":{},"tags":[],"benchmarks":[]},{"ancestorTitles":["jiSuanMuBiaoSuoYin"],"fullName":"jiSuanMuBiaoSuoYin 指针越过第 2 张卡中心（向下拖）→ 落点下标 1","status":"passed","title":"指针越过第 2 张卡中心（向下拖）→ 落点下标 1","duration":0.29259999999703723,"failureMessages":[],"meta":{},"tags":[],"benchmarks":[]},{"ancestorTitles":["jiSuanMuBiaoSuoYin"],"fullName":"jiSuanMuBiaoSuoYin 指针越过所有卡中心（拖到底）→ 落点下标 2","status":"passed","title":"指针越过所有卡中心（拖到底）→ 落点下标 2","duration":0.3473000000012689,"failureMessages":[],"meta":{},"tags":[],"benchmarks":[]},{"ancestorTitles":["jiSuanMuBiaoSuoYin"],"fullName":"jiSuanMuBiaoSuoYin 向上拖：指针越过首卡中心以上 → 落点下标 0","status":"passed","title":"向上拖：指针越过首卡中心以上 → 落点下标 0","duration":0.174299999998766,"failureMessages":[],"meta":{},"tags":[],"benchmarks":[]},{"ancestorTitles":["jiSuanMuBiaoSuoYin"],"fullName":"jiSuanMuBiaoSuoYin 向上拖：指针落在 card0 与 card1 中心之间 → 落点下标 1","status":"passed","title":"向上拖：指针落在 card0 与 card1 中心之间 → 落点下标 1","duration":0.13439999999900465,"failureMessages":[],"meta":{},"tags":[],"benchmarks":[]},{"ancestorTitles":["jiSuanMuBiaoSuoYin"],"fullName":"jiSuanMuBiaoSuoYin 空中心数组时回退到源下标（幂等安全）","status":"passed","title":"空中心数组时回退到源下标（幂等安全）","duration":0.13140000000203145,"failureMessages":[],"meta":{},"tags":[],"benchmarks":[]},{"ancestorTitles":["预览顺序组合（源+目标）"],"fullName":"预览顺序组合（源+目标） 1 2 3，拖 1 越过 card1 中心 → 预览 2 1 3","status":"passed","title":"1 2 3，拖 1 越过 card1 中心 → 预览 2 1 3","duration":0.1882999999979802,"failureMessages":[],"meta":{},"tags":[],"benchmarks":[]},{"ancestorTitles":["预览顺序组合（源+目标）"],"fullName":"预览顺序组合（源+目标） 1 2 3，拖 3 越过 card0 中心 → 预览 3 1 2","status":"passed","title":"1 2 3，拖 3 越过 card0 中心 → 预览 3 1 2","duration":0.14919999999983702,"failureMessages":[],"meta":{},"tags":[],"benchmarks":[]}],"startTime":1789537114131,"endTime":1789537114140.1882,"status":"passed","message":"","name":"D:/xuanr/Desktop/燃烧之陨我的世界服务端/和我恋爱吧/frontend/src/__tests__/paixuYuLan.test.ts"},{"assertionResults":[{"ancestorTitles":["public资源体积清理验证"],"fullName":"public资源体积清理验证 应删除死资源文件","status":"passed","title":"应删除死资源文件","duration":4.887700000001132,"failureMessages":[],"meta":{},"tags":[],"benchmarks":[]},{"ancestorTitles":["public资源体积清理验证"],"fullName":"public资源体积清理验证 应保留3D首页必需资源","status":"passed","title":"应保留3D首页必需资源","duration":2.916300000000774,"failureMessages":[],"meta":{},"tags":[],"benchmarks":[]},{"ancestorTitles":["public资源体积清理验证"],"fullName":"public资源体积清理验证 军师头像应压缩至100KB以下","status":"passed","title":"军师头像应压缩至100KB以下","duration":1.3976999999995314,"failureMessages":[],"meta":{},"tags":[],"benchmarks":[]},{"ancestorTitles":["public资源体积清理验证"],"fullName":"public资源体积清理验证 原PNG头像文件应已删除","status":"passed","title":"原PNG头像文件应已删除","duration":0.6740000000008877,"failureMessages":[],"meta":{},"tags":[],"benchmarks":[]},{"ancestorTitles":["public资源体积清理验证"],"fullName":"public资源体积清理验证 public目录总体积应显著下降","status":"passed","title":"public目录总体积应显著下降","duration":8.998600000000806,"failureMessages":[],"meta":{},"tags":[],"benchmarks":[]}],"startTime":1789537110529,"endTime":1789537110547.9985,"status":"passed","message":"","name":"D:/xuanr/Desktop/燃烧之陨我的世界服务端/和我恋爱吧/frontend/src/__tests__/public资源体积.test.ts"},{"assertionResults":[{"ancestorTitles":["路由认证守卫"],"fullName":"路由认证守卫 未登录访问受保护路由应重定向到登录页","status":"passed","title":"未登录访问受保护路由应重定向到登录页","duration":30.879799999998795,"failureMessages":[],"meta":{},"tags":[],"benchmarks":[]},{"ancestorTitles":["路由认证守卫"],"fullName":"路由认证守卫 已登录访问登录页应重定向到主页","status":"passed","title":"已登录访问登录页应重定向到主页","duration":2.9284000000006927,"failureMessages":[],"meta":{},"tags":[],"benchmarks":[]},{"ancestorTitles":["路由认证守卫"],"fullName":"路由认证守卫 会话级令牌访问登录页应重定向到主页","status":"passed","title":"会话级令牌访问登录页应重定向到主页","duration":2.4464000000007218,"failureMessages":[],"meta":{},"tags":[],"benchmarks":[]},{"ancestorTitles":["路由认证守卫"],"fullName":"路由认证守卫 关闭自动登录时有令牌也停留在登录页","status":"passed","title":"关闭自动登录时有令牌也停留在登录页","duration":1.514500000001135,"failureMessages":[],"meta":{},"tags":[],"benchmarks":[]},{"ancestorTitles":["路由认证守卫"],"fullName":"路由认证守卫 已登录可访问受保护路由","status":"passed","title":"已登录可访问受保护路由","duration":1.5979000000006636,"failureMessages":[],"meta":{},"tags":[],"benchmarks":[]}],"startTime":1789537111134,"endTime":1789537111173.598,"status":"passed","message":"","name":"D:/xuanr/Desktop/燃烧之陨我的世界服务端/和我恋爱吧/frontend/src/__tests__/router.test.ts"},{"assertionResults":[{"ancestorTitles":["P1-8 特征开关 store"],"fullName":"P1-8 特征开关 store 默认 junShi 开启","status":"passed","title":"默认 junShi 开启","duration":4.951199999999517,"failureMessages":[],"meta":{},"tags":[],"benchmarks":[]},{"ancestorTitles":["P1-8 特征开关 store"],"fullName":"P1-8 特征开关 store 拉取成功后覆盖开关值","status":"passed","title":"拉取成功后覆盖开关值","duration":3.1752999999989697,"failureMessages":[],"meta":{},"tags":[],"benchmarks":[]},{"ancestorTitles":["P1-8 特征开关 store"],"fullName":"P1-8 特征开关 store 响应中非布尔值被过滤，布尔值生效","status":"passed","title":"响应中非布尔值被过滤，布尔值生效","duration":1.2006000000001222,"failureMessages":[],"meta":{},"tags":[],"benchmarks":[]},{"ancestorTitles":["P1-8 特征开关 store"],"fullName":"P1-8 特征开关 store 拉取失败静默保持默认值","status":"passed","title":"拉取失败静默保持默认值","duration":2.1123999999999796,"failureMessages":[],"meta":{},"tags":[],"benchmarks":[]},{"ancestorTitles":["P1-8 特征开关 store"],"fullName":"P1-8 特征开关 store 响应非 200 时保持默认值","status":"passed","title":"响应非 200 时保持默认值","duration":1.2243999999991502,"failureMessages":[],"meta":{},"tags":[],"benchmarks":[]},{"ancestorTitles":["P1-8 特征开关 store"],"fullName":"P1-8 特征开关 store 响应体非法 JSON 结构时保持默认值","status":"passed","title":"响应体非法 JSON 结构时保持默认值","duration":0.9993000000013126,"failureMessages":[],"meta":{},"tags":[],"benchmarks":[]},{"ancestorTitles":["P1-8 军师入口 flag 门控"],"fullName":"P1-8 军师入口 flag 门控 默认开启时聊天页渲染军师入口","status":"passed","title":"默认开启时聊天页渲染军师入口","duration":76.23250000000007,"failureMessages":[],"meta":{},"tags":[],"benchmarks":[]},{"ancestorTitles":["P1-8 军师入口 flag 门控"],"fullName":"P1-8 军师入口 flag 门控 junShi=false 时聊天页军师入口不渲染","status":"passed","title":"junShi=false 时聊天页军师入口不渲染","duration":23.547099999999773,"failureMessages":[],"meta":{},"tags":[],"benchmarks":[]}],"startTime":1789537108877,"endTime":1789537108992.547,"status":"passed","message":"","name":"D:/xuanr/Desktop/燃烧之陨我的世界服务端/和我恋爱吧/frontend/src/__tests__/teZhengKaiGuan.test.ts"},{"assertionResults":[{"ancestorTitles":["use复盘 总结分块解析"],"fullName":"use复盘 总结分块解析 带字段名的总结解析为分块，对象类型含渣型时标记警告","status":"passed","title":"带字段名的总结解析为分块，对象类型含渣型时标记警告","duration":9.000400000000809,"failureMessages":[],"meta":{},"tags":[],"benchmarks":[]},{"ancestorTitles":["use复盘 总结分块解析"],"fullName":"use复盘 总结分块解析 无字段名或空文本不产生分块","status":"passed","title":"无字段名或空文本不产生分块","duration":0.9029000000009546,"failureMessages":[],"meta":{},"tags":[],"benchmarks":[]},{"ancestorTitles":["use复盘 批注映射"],"fullName":"use复盘 批注映射 按消息序号把批注映射到对应消息","status":"passed","title":"按消息序号把批注映射到对应消息","duration":1.819499999997788,"failureMessages":[],"meta":{},"tags":[],"benchmarks":[]},{"ancestorTitles":["use复盘 批注映射"],"fullName":"use复盘 批注映射 非复盘模式下不建立序号映射","status":"passed","title":"非复盘模式下不建立序号映射","duration":1.4690000000009604,"failureMessages":[],"meta":{},"tags":[],"benchmarks":[]},{"ancestorTitles":["use复盘 轮询加载与退出"],"fullName":"use复盘 轮询加载与退出 生成中时轮询直到拿到内容并关闭加载态","status":"passed","title":"生成中时轮询直到拿到内容并关闭加载态","duration":6.718199999999342,"failureMessages":[],"meta":{},"tags":[],"benchmarks":[]},{"ancestorTitles":["use复盘 轮询加载与退出"],"fullName":"use复盘 轮询加载与退出 退出复盘重置全部状态并跳转战绩页","status":"passed","title":"退出复盘重置全部状态并跳转战绩页","duration":1.782599999998638,"failureMessages":[],"meta":{},"tags":[],"benchmarks":[]}],"startTime":1789537112283,"endTime":1789537112305.7827,"status":"passed","message":"","name":"D:/xuanr/Desktop/燃烧之陨我的世界服务端/和我恋爱吧/frontend/src/__tests__/use复盘.test.ts"},{"assertionResults":[{"ancestorTitles":["use录音 模式切换"],"fullName":"use录音 模式切换 录音模式可开可关，关闭即复位","status":"passed","title":"录音模式可开可关，关闭即复位","duration":4.11449999999968,"failureMessages":[],"meta":{},"tags":[],"benchmarks":[]},{"ancestorTitles":["use录音 无麦克风能力时的降级"],"fullName":"use录音 无麦克风能力时的降级 环境不支持 MediaRecorder 时提示错误且不进入录音态","status":"passed","title":"环境不支持 MediaRecorder 时提示错误且不进入录音态","duration":1.6390000000028522,"failureMessages":[],"meta":{},"tags":[],"benchmarks":[]},{"ancestorTitles":["use录音 无麦克风能力时的降级"],"fullName":"use录音 无麦克风能力时的降级 无活动录音时完成录音仅清理资源不发送","status":"passed","title":"无活动录音时完成录音仅清理资源不发送","duration":1.103900000001886,"failureMessages":[],"meta":{},"tags":[],"benchmarks":[]},{"ancestorTitles":["use录音 无麦克风能力时的降级"],"fullName":"use录音 无麦克风能力时的降级 未在录音中时移动指针不改上滑取消标记","status":"passed","title":"未在录音中时移动指针不改上滑取消标记","duration":0.6486999999979162,"failureMessages":[],"meta":{},"tags":[],"benchmarks":[]}],"startTime":1789537114169,"endTime":1789537114177.6487,"status":"passed","message":"","name":"D:/xuanr/Desktop/燃烧之陨我的世界服务端/和我恋爱吧/frontend/src/__tests__/use录音.test.ts"},{"assertionResults":[{"ancestorTitles":["use虚拟窗口 渲染窗口计算"],"fullName":"use虚拟窗口 渲染窗口计算 低于全量阈值时全量渲染，超过阈值时只渲染尾部窗口","status":"passed","title":"低于全量阈值时全量渲染，超过阈值时只渲染尾部窗口","duration":4.46900000000096,"failureMessages":[],"meta":{},"tags":[],"benchmarks":[]},{"ancestorTitles":["use虚拟窗口 渲染窗口计算"],"fullName":"use虚拟窗口 渲染窗口计算 显式起始索引切片渲染，重置后回到自动尾部窗口","status":"passed","title":"显式起始索引切片渲染，重置后回到自动尾部窗口","duration":1.1036999999996624,"failureMessages":[],"meta":{},"tags":[],"benchmarks":[]},{"ancestorTitles":["use虚拟窗口 渲染窗口计算"],"fullName":"use虚拟窗口 渲染窗口计算 向上扩展一次揭示一个补长步长的更早消息（无容器时直接执行）","status":"passed","title":"向上扩展一次揭示一个补长步长的更早消息（无容器时直接执行）","duration":0.49239999999917927,"failureMessages":[],"meta":{},"tags":[],"benchmarks":[]},{"ancestorTitles":["use虚拟窗口 时间分组"],"fullName":"use虚拟窗口 时间分组 相邻消息合并同组，超过合并阈值另起一组并生成时间标签","status":"passed","title":"相邻消息合并同组，超过合并阈值另起一组并生成时间标签","duration":2.0084999999999127,"failureMessages":[],"meta":{},"tags":[],"benchmarks":[]}],"startTime":1789537112499,"endTime":1789537112507.0085,"status":"passed","message":"","name":"D:/xuanr/Desktop/燃烧之陨我的世界服务端/和我恋爱吧/frontend/src/__tests__/use虚拟窗口.test.ts"},{"assertionResults":[{"ancestorTitles":["use表情面板"],"fullName":"use表情面板 点击 emoji 追加到输入内容","status":"passed","title":"点击 emoji 追加到输入内容","duration":3.736299999996845,"failureMessages":[],"meta":{},"tags":[],"benchmarks":[]},{"ancestorTitles":["use表情面板"],"fullName":"use表情面板 面板展开状态与标签页可切换","status":"passed","title":"面板展开状态与标签页可切换","duration":0.7088000000003376,"failureMessages":[],"meta":{},"tags":[],"benchmarks":[]},{"ancestorTitles":["use表情面板"],"fullName":"use表情面板 常用表情库完整且无重复","status":"passed","title":"常用表情库完整且无重复","duration":0.3515000000006694,"failureMessages":[],"meta":{},"tags":[],"benchmarks":[]},{"ancestorTitles":["use表情面板"],"fullName":"use表情面板 清理资源在未初始化观察器时安全执行","status":"passed","title":"清理资源在未初始化观察器时安全执行","duration":19.090100000001257,"failureMessages":[],"meta":{},"tags":[],"benchmarks":[]}],"startTime":1789537111425,"endTime":1789537111449.09,"status":"passed","message":"","name":"D:/xuanr/Desktop/燃烧之陨我的世界服务端/和我恋爱吧/frontend/src/__tests__/use表情面板.test.ts"},{"assertionResults":[{"ancestorTitles":["use语音播放 时长与宽度样式"],"fullName":"use语音播放 时长与宽度样式 语音时长按秒取整且至少 1 秒","status":"passed","title":"语音时长按秒取整且至少 1 秒","duration":3.049200000001292,"failureMessages":[],"meta":{},"tags":[],"benchmarks":[]},{"ancestorTitles":["use语音播放 时长与宽度样式"],"fullName":"use语音播放 时长与宽度样式 气泡宽度随时长线性映射并夹在最小最大宽度之间","status":"passed","title":"气泡宽度随时长线性映射并夹在最小最大宽度之间","duration":1.7333999999973457,"failureMessages":[],"meta":{},"tags":[],"benchmarks":[]},{"ancestorTitles":["use语音播放 播放状态"],"fullName":"use语音播放 播放状态 初始不在播放中，停止播放为安全空操作","status":"passed","title":"初始不在播放中，停止播放为安全空操作","duration":1.7021999999997206,"failureMessages":[],"meta":{},"tags":[],"benchmarks":[]},{"ancestorTitles":["use语音播放 播放状态"],"fullName":"use语音播放 播放状态 导出的波形条数与录音面板一致","status":"passed","title":"导出的波形条数与录音面板一致","duration":0.5303000000021711,"failureMessages":[],"meta":{},"tags":[],"benchmarks":[]},{"ancestorTitles":["use语音播放 播放状态"],"fullName":"use语音播放 播放状态 非播放态进度为0且拖动为安全空操作","status":"passed","title":"非播放态进度为0且拖动为安全空操作","duration":0.7174999999988358,"failureMessages":[],"meta":{},"tags":[],"benchmarks":[]},{"ancestorTitles":["语音气泡微信样式"],"fullName":"语音气泡微信样式 未播放态用代码绘制微信语音图标，播放态用可拖动时间轴","status":"passed","title":"未播放态用代码绘制微信语音图标，播放态用可拖动时间轴","duration":2.510099999999511,"failureMessages":[],"meta":{},"tags":[],"benchmarks":[]}],"startTime":1789537113132,"endTime":1789537113142.51,"status":"passed","message":"","name":"D:/xuanr/Desktop/燃烧之陨我的世界服务端/和我恋爱吧/frontend/src/__tests__/use语音播放.test.ts"},{"assertionResults":[{"ancestorTitles":["use输入框 高度测量与展开态"],"fullName":"use输入框 高度测量与展开态 测量读取自然内容高度，折叠态样式为单行最大高度","status":"failed","title":"测量读取自然内容高度，折叠态样式为单行最大高度","duration":88.89389999999912,"failureMessages":["AssertionError: expected { maxHeight: '55px' } to deeply equal { maxHeight: '40px' }\n    at D:/xuanr/Desktop/燃烧之陨我的世界服务端/和我恋爱吧/frontend/src/__tests__/use输入框.test.ts:32:45\n    at file:///D:/xuanr/Desktop/%E7%87%83%E7%83%A7%E4%B9%8B%E9%99%A8%E6%88%91%E7%9A%84%E4%B8%96%E7%95%8C%E6%9C%8D%E5%8A%A1%E7%AB%AF/%E5%92%8C%E6%88%91%E6%81%8B%E7%88%B1%E5%90%A7/frontend/node_modules/vitest/dist/chunks/run.CQOUYP-x.js:2783:20"],"meta":{},"tags":[],"benchmarks":[]},{"ancestorTitles":["use输入框 高度测量与展开态"],"fullName":"use输入框 高度测量与展开态 单行内容时无展开出口（按钮禁用）","status":"passed","title":"单行内容时无展开出口（按钮禁用）","duration":4.0865000000012515,"failureMessages":[],"meta":{},"tags":[],"benchmarks":[]},{"ancestorTitles":["use输入框 高度测量与展开态"],"fullName":"use输入框 高度测量与展开态 切换展开后聚焦输入框，内容回落后自动收起","status":"passed","title":"切换展开后聚焦输入框，内容回落后自动收起","duration":6.665399999998044,"failureMessages":[],"meta":{},"tags":[],"benchmarks":[]},{"ancestorTitles":["use输入框 高度测量与展开态"],"fullName":"use输入框 高度测量与展开态 重算时刷新视口高度并重新测量","status":"passed","title":"重算时刷新视口高度并重新测量","duration":2.373700000000099,"failureMessages":[],"meta":{},"tags":[],"benchmarks":[]},{"ancestorTitles":["FP-02 输入框绿线根因去除"],"fullName":"FP-02 输入框绿线根因去除 全局输入聚焦不再使用绿色描边","status":"passed","title":"全局输入聚焦不再使用绿色描边","duration":1.1162999999978638,"failureMessages":[],"meta":{},"tags":[],"benchmarks":[]}],"startTime":1789537115001,"endTime":1789537115104.1162,"status":"failed","message":"","name":"D:/xuanr/Desktop/燃烧之陨我的世界服务端/和我恋爱吧/frontend/src/__tests__/use输入框.test.ts"},{"assertionResults":[{"ancestorTitles":["use长按菜单 右键/长按打开撤回菜单"],"fullName":"use长按菜单 右键/长按打开撤回菜单 窗口期内的用户消息可打开菜单并记录坐标与选中项","status":"passed","title":"窗口期内的用户消息可打开菜单并记录坐标与选中项","duration":10.284199999998236,"failureMessages":[],"meta":{},"tags":[],"benchmarks":[]},{"ancestorTitles":["use长按菜单 右键/长按打开撤回菜单"],"fullName":"use长按菜单 右键/长按打开撤回菜单 角色消息、已撤回或超时消息不打开菜单","status":"passed","title":"角色消息、已撤回或超时消息不打开菜单","duration":1.3770999999978812,"failureMessages":[],"meta":{},"tags":[],"benchmarks":[]},{"ancestorTitles":["use长按菜单 右键/长按打开撤回菜单"],"fullName":"use长按菜单 右键/长按打开撤回菜单 触摸长按 500ms 打开菜单，提前松手取消","status":"passed","title":"触摸长按 500ms 打开菜单，提前松手取消","duration":3.074300000000221,"failureMessages":[],"meta":{},"tags":[],"benchmarks":[]},{"ancestorTitles":["use长按菜单 右键/长按打开撤回菜单"],"fullName":"use长按菜单 右键/长按打开撤回菜单 执行撤回调用仓库并关闭菜单","status":"passed","title":"执行撤回调用仓库并关闭菜单","duration":1.9648999999990338,"failureMessages":[],"meta":{},"tags":[],"benchmarks":[]}],"startTime":1789537111478,"endTime":1789537111494.9648,"status":"passed","message":"","name":"D:/xuanr/Desktop/燃烧之陨我的世界服务端/和我恋爱吧/frontend/src/__tests__/use长按菜单.test.ts"},{"assertionResults":[{"ancestorTitles":["viewport meta 标签"],"fullName":"viewport meta 标签 index.html 包含 viewport-fit=cover","status":"passed","title":"index.html 包含 viewport-fit=cover","duration":3.6005999999979394,"failureMessages":[],"meta":{},"tags":[],"benchmarks":[]}],"startTime":1789537114922,"endTime":1789537114925.6006,"status":"passed","message":"","name":"D:/xuanr/Desktop/燃烧之陨我的世界服务端/和我恋爱吧/frontend/src/__tests__/viewport.test.ts"},{"assertionResults":[{"ancestorTitles":["FP-02 菜单治理"],"fullName":"FP-02 菜单治理 用户下拉无三级飞出列与二级展开组","status":"passed","title":"用户下拉无三级飞出列与二级展开组","duration":91.79110000000037,"failureMessages":[],"meta":{},"tags":[],"benchmarks":[]},{"ancestorTitles":["FP-02 菜单治理"],"fullName":"FP-02 菜单治理 下拉顺序为账号设置→过往战绩→好友→退出登录，退出登录在好友之下","status":"passed","title":"下拉顺序为账号设置→过往战绩→好友→退出登录，退出登录在好友之下","duration":32.22220000000016,"failureMessages":[],"meta":{},"tags":[],"benchmarks":[]},{"ancestorTitles":["FP-02 菜单治理"],"fullName":"FP-02 菜单治理 菜单无修改用户名/密码/默认性别弹窗逻辑","status":"passed","title":"菜单无修改用户名/密码/默认性别弹窗逻辑","duration":25.283699999999953,"failureMessages":[],"meta":{},"tags":[],"benchmarks":[]},{"ancestorTitles":["FP-02 菜单治理"],"fullName":"FP-02 菜单治理 个人设置路由顶栏标题显示个人设置","status":"passed","title":"个人设置路由顶栏标题显示个人设置","duration":23.604199999999764,"failureMessages":[],"meta":{},"tags":[],"benchmarks":[]},{"ancestorTitles":["FP-02 菜单治理"],"fullName":"FP-02 菜单治理 退出登录仍为红色警示样式","status":"passed","title":"退出登录仍为红色警示样式","duration":2.5221999999994296,"failureMessages":[],"meta":{},"tags":[],"benchmarks":[]},{"ancestorTitles":["FP-02 个人设置页"],"fullName":"FP-02 个人设置页 新增翻译键齐全","status":"passed","title":"新增翻译键齐全","duration":0.3967000000011467,"failureMessages":[],"meta":{},"tags":[],"benchmarks":[]},{"ancestorTitles":["FP-02 个人设置页"],"fullName":"FP-02 个人设置页 一页含头像/签名/用户名/密码/默认性别/聊天背景六区","status":"passed","title":"一页含头像/签名/用户名/密码/默认性别/聊天背景六区","duration":221.5641999999989,"failureMessages":[],"meta":{},"tags":[],"benchmarks":[]},{"ancestorTitles":["FP-02 个人设置页"],"fullName":"FP-02 个人设置页 头像裁剪1024/签名500字与可见性/背景六选项复用","status":"passed","title":"头像裁剪1024/签名500字与可见性/背景六选项复用","duration":55.203300000001036,"failureMessages":[],"meta":{},"tags":[],"benchmarks":[]},{"ancestorTitles":["FP-02 个人设置页"],"fullName":"FP-02 个人设置页 用户名修改走认证接口并同步用户仓库","status":"passed","title":"用户名修改走认证接口并同步用户仓库","duration":87.28650000000016,"failureMessages":[],"meta":{},"tags":[],"benchmarks":[]},{"ancestorTitles":["FP-02 个人设置页"],"fullName":"FP-02 个人设置页 密码修改走认证接口","status":"passed","title":"密码修改走认证接口","duration":61.96339999999873,"failureMessages":[],"meta":{},"tags":[],"benchmarks":[]},{"ancestorTitles":["FP-02 个人设置页"],"fullName":"FP-02 个人设置页 默认性别保存走认证接口","status":"passed","title":"默认性别保存走认证接口","duration":56.093800000000556,"failureMessages":[],"meta":{},"tags":[],"benchmarks":[]},{"ancestorTitles":["FP-02 个人设置页"],"fullName":"FP-02 个人设置页 新卡片标题走翻译文件","status":"passed","title":"新卡片标题走翻译文件","duration":0.40430000000014843,"failureMessages":[],"meta":{},"tags":[],"benchmarks":[]}],"startTime":1789537103501,"endTime":1789537104162.4043,"status":"passed","message":"","name":"D:/xuanr/Desktop/燃烧之陨我的世界服务端/和我恋爱吧/frontend/src/__tests__/个人设置页.test.ts"},{"assertionResults":[{"ancestorTitles":["主页内容组件"],"fullName":"主页内容组件 渲染普通模式和挑战模式两个入口元素","status":"passed","title":"渲染普通模式和挑战模式两个入口元素","duration":62.74439999999959,"failureMessages":[],"meta":{},"tags":[],"benchmarks":[]},{"ancestorTitles":["主页内容组件"],"fullName":"主页内容组件 挑战模式入口隐藏“排位赛”标签","status":"passed","title":"挑战模式入口隐藏“排位赛”标签","duration":14.569499999999607,"failureMessages":[],"meta":{},"tags":[],"benchmarks":[]},{"ancestorTitles":["主页内容组件"],"fullName":"主页内容组件 点击普通模式入口跳转到资料设置向导路径","status":"passed","title":"点击普通模式入口跳转到资料设置向导路径","duration":21.360999999998967,"failureMessages":[],"meta":{},"tags":[],"benchmarks":[]},{"ancestorTitles":["主页内容组件"],"fullName":"主页内容组件 点击挑战模式入口跳转到挑战主页","status":"passed","title":"点击挑战模式入口跳转到挑战主页","duration":11.674999999999272,"failureMessages":[],"meta":{},"tags":[],"benchmarks":[]},{"ancestorTitles":["主页内容组件"],"fullName":"主页内容组件 主页不再包含吴昊阳 DOM 静态贴图（主角已移入草地 3D 背景）","status":"passed","title":"主页不再包含吴昊阳 DOM 静态贴图（主角已移入草地 3D 背景）","duration":29.65480000000025,"failureMessages":[],"meta":{},"tags":[],"benchmarks":[]},{"ancestorTitles":["主页内容组件","FP-01 主页净化：无罩染无底板，草地直透"],"fullName":"主页内容组件 FP-01 主页净化：无罩染无底板，草地直透 无染色罩层元素与样式，根容器透明","status":"passed","title":"无染色罩层元素与样式，根容器透明","duration":16.727600000000166,"failureMessages":[],"meta":{},"tags":[],"benchmarks":[]},{"ancestorTitles":["主页内容组件","FP-01 主页净化：无罩染无底板，草地直透"],"fullName":"主页内容组件 FP-01 主页净化：无罩染无底板，草地直透 无备案页脚引用","status":"passed","title":"无备案页脚引用","duration":8.9395999999997,"failureMessages":[],"meta":{},"tags":[],"benchmarks":[]},{"ancestorTitles":["主页内容组件","FP-03 开始体验深色hover同色"],"fullName":"主页内容组件 FP-03 开始体验深色hover同色 开始体验文案走translations无硬编码","status":"passed","title":"开始体验文案走translations无硬编码","duration":10.756499999999505,"failureMessages":[],"meta":{},"tags":[],"benchmarks":[]},{"ancestorTitles":["主页内容组件","FP-03 开始体验深色hover同色"],"fullName":"主页内容组件 FP-03 开始体验深色hover同色 开始文本与箭头使用设计令牌单源","status":"passed","title":"开始文本与箭头使用设计令牌单源","duration":0.5414999999993597,"failureMessages":[],"meta":{},"tags":[],"benchmarks":[]},{"ancestorTitles":["主页内容组件","FP-03 开始体验深色hover同色"],"fullName":"主页内容组件 FP-03 开始体验深色hover同色 深色白系浅色黑系各一套令牌值","status":"passed","title":"深色白系浅色黑系各一套令牌值","duration":1.1904999999987922,"failureMessages":[],"meta":{},"tags":[],"benchmarks":[]},{"ancestorTitles":["主页内容组件","FP-03 开始体验深色hover同色"],"fullName":"主页内容组件 FP-03 开始体验深色hover同色 无重复hover变色规则与硬编码hover色","status":"passed","title":"无重复hover变色规则与硬编码hover色","duration":0.44249999999919964,"failureMessages":[],"meta":{},"tags":[],"benchmarks":[]},{"ancestorTitles":["主页内容组件","FP-03 开始体验深色hover同色"],"fullName":"主页内容组件 FP-03 开始体验深色hover同色 hover仅位移无颜色闪烁","status":"passed","title":"hover仅位移无颜色闪烁","duration":0.5696000000007189,"failureMessages":[],"meta":{},"tags":[],"benchmarks":[]}],"startTime":1789537107168,"endTime":1789537107347.5696,"status":"passed","message":"","name":"D:/xuanr/Desktop/燃烧之陨我的世界服务端/和我恋爱吧/frontend/src/__tests__/主页内容.test.ts"},{"assertionResults":[{"ancestorTitles":["FP-18 主题与UI","主题系统"],"fullName":"FP-18 主题与UI 主题系统 主题仓库默认值为暗色","status":"passed","title":"主题仓库默认值为暗色","duration":7.039300000000367,"failureMessages":[],"meta":{},"tags":[],"benchmarks":[]},{"ancestorTitles":["FP-18 主题与UI","主题系统"],"fullName":"FP-18 主题与UI 主题系统 首次访问无 localStorage.主题 时 data-theme 为 dark","status":"passed","title":"首次访问无 localStorage.主题 时 data-theme 为 dark","duration":1.9990999999999985,"failureMessages":[],"meta":{},"tags":[],"benchmarks":[]},{"ancestorTitles":["FP-18 主题与UI","主题系统"],"fullName":"FP-18 主题与UI 主题系统 切换主题更新 localStorage.主题 与 data-theme","status":"passed","title":"切换主题更新 localStorage.主题 与 data-theme","duration":1.8097000000007029,"failureMessages":[],"meta":{},"tags":[],"benchmarks":[]},{"ancestorTitles":["FP-18 主题与UI","主题系统"],"fullName":"FP-18 主题与UI 主题系统 读取已保存的浅色主题","status":"passed","title":"读取已保存的浅色主题","duration":0.8483999999998559,"failureMessages":[],"meta":{},"tags":[],"benchmarks":[]},{"ancestorTitles":["FP-18 主题与UI","CSS 变量与品牌色"],"fullName":"FP-18 主题与UI CSS 变量与品牌色 CSS 文件包含 200+ 变量定义","status":"passed","title":"CSS 文件包含 200+ 变量定义","duration":0.31520000000000437,"failureMessages":[],"meta":{},"tags":[],"benchmarks":[]},{"ancestorTitles":["FP-18 主题与UI","CSS 变量与品牌色"],"fullName":"FP-18 主题与UI CSS 变量与品牌色 深色模式主色为 #34C759","status":"passed","title":"深色模式主色为 #34C759","duration":0.36229999999977736,"failureMessages":[],"meta":{},"tags":[],"benchmarks":[]},{"ancestorTitles":["FP-18 主题与UI","CSS 变量与品牌色"],"fullName":"FP-18 主题与UI CSS 变量与品牌色 浅色模式主色为 #07C160","status":"passed","title":"浅色模式主色为 #07C160","duration":0.24110000000018772,"failureMessages":[],"meta":{},"tags":[],"benchmarks":[]},{"ancestorTitles":["FP-18 主题与UI","CSS 变量与品牌色"],"fullName":"FP-18 主题与UI CSS 变量与品牌色 品牌色包含暖灰蓝 #6B8CA6 与柔粉紫 #C4A0B0","status":"passed","title":"品牌色包含暖灰蓝 #6B8CA6 与柔粉紫 #C4A0B0","duration":0.2701999999999316,"failureMessages":[],"meta":{},"tags":[],"benchmarks":[]},{"ancestorTitles":["FP-18 主题与UI","全局样式"],"fullName":"FP-18 主题与UI 全局样式 背景样式包含 4 色渐变与 12 秒流动动画","status":"passed","title":"背景样式包含 4 色渐变与 12 秒流动动画","duration":0.9053000000003522,"failureMessages":[],"meta":{},"tags":[],"benchmarks":[]},{"ancestorTitles":["FP-18 主题与UI","全局样式"],"fullName":"FP-18 主题与UI 全局样式 玻璃态样式包含 blur(12px)","status":"passed","title":"玻璃态样式包含 blur(12px)","duration":0.4701999999997497,"failureMessages":[],"meta":{},"tags":[],"benchmarks":[]},{"ancestorTitles":["FP-18 主题与UI","全局样式"],"fullName":"FP-18 主题与UI 全局样式 CSS 包含安全区域适配","status":"passed","title":"CSS 包含安全区域适配","duration":0.18910000000050786,"failureMessages":[],"meta":{},"tags":[],"benchmarks":[]},{"ancestorTitles":["FP-18 主题与UI","全局样式"],"fullName":"FP-18 主题与UI 全局样式 CSS 包含 prefers-reduced-motion 媒体查询","status":"passed","title":"CSS 包含 prefers-reduced-motion 媒体查询","duration":0.6804999999994834,"failureMessages":[],"meta":{},"tags":[],"benchmarks":[]},{"ancestorTitles":["FP-18 主题与UI","全局固定菜单栏"],"fullName":"FP-18 主题与UI 全局固定菜单栏 所有页面渲染顶部菜单栏","status":"passed","title":"所有页面渲染顶部菜单栏","duration":41.57900000000063,"failureMessages":[],"meta":{},"tags":[],"benchmarks":[]},{"ancestorTitles":["FP-18 主题与UI","全局固定菜单栏"],"fullName":"FP-18 主题与UI 全局固定菜单栏 桌面端菜单栏高度为 52px","status":"passed","title":"桌面端菜单栏高度为 52px","duration":11.512399999999616,"failureMessages":[],"meta":{},"tags":[],"benchmarks":[]},{"ancestorTitles":["FP-18 主题与UI","全局固定菜单栏"],"fullName":"FP-18 主题与UI 全局固定菜单栏 未登录时原个人信息位置复用已登录模块外观，名称显示「未登录」（无下拉菜单）","status":"passed","title":"未登录时原个人信息位置复用已登录模块外观，名称显示「未登录」（无下拉菜单）","duration":15.992699999999786,"failureMessages":[],"meta":{},"tags":[],"benchmarks":[]},{"ancestorTitles":["FP-18 主题与UI","全局固定菜单栏"],"fullName":"FP-18 主题与UI 全局固定菜单栏 未登录（非登录页）原个人信息位置同样显示「未登录」","status":"passed","title":"未登录（非登录页）原个人信息位置同样显示「未登录」","duration":13.413400000000365,"failureMessages":[],"meta":{},"tags":[],"benchmarks":[]},{"ancestorTitles":["FP-18 主题与UI","全局固定菜单栏"],"fullName":"FP-18 主题与UI 全局固定菜单栏 点击未登录模块跳转到登录页","status":"passed","title":"点击未登录模块跳转到登录页","duration":23.873599999999897,"failureMessages":[],"meta":{},"tags":[],"benchmarks":[]},{"ancestorTitles":["FP-18 主题与UI","全局固定菜单栏"],"fullName":"FP-18 主题与UI 全局固定菜单栏 已登录时所有页面用户下拉菜单均显示","status":"passed","title":"已登录时所有页面用户下拉菜单均显示","duration":36.261499999999614,"failureMessages":[],"meta":{},"tags":[],"benchmarks":[]},{"ancestorTitles":["FP-18 主题与UI","全局固定菜单栏"],"fullName":"FP-18 主题与UI 全局固定菜单栏 主页不显示返回按钮","status":"passed","title":"主页不显示返回按钮","duration":17.537999999999556,"failureMessages":[],"meta":{},"tags":[],"benchmarks":[]},{"ancestorTitles":["FP-18 主题与UI","全局固定菜单栏"],"fullName":"FP-18 主题与UI 全局固定菜单栏 登录页不显示返回按钮","status":"passed","title":"登录页不显示返回按钮","duration":17.719900000000052,"failureMessages":[],"meta":{},"tags":[],"benchmarks":[]},{"ancestorTitles":["FP-18 主题与UI","全局固定菜单栏"],"fullName":"FP-18 主题与UI 全局固定菜单栏 非主页且非登录页显示返回按钮","status":"passed","title":"非主页且非登录页显示返回按钮","duration":17.89520000000084,"failureMessages":[],"meta":{},"tags":[],"benchmarks":[]},{"ancestorTitles":["FP-18 主题与UI","全局固定菜单栏"],"fullName":"FP-18 主题与UI 全局固定菜单栏 Req4 主页隐藏主页按钮（仅保留占位，避免重复“主页”标题）","status":"passed","title":"Req4 主页隐藏主页按钮（仅保留占位，避免重复“主页”标题）","duration":19.648299999999836,"failureMessages":[],"meta":{},"tags":[],"benchmarks":[]},{"ancestorTitles":["FP-18 主题与UI","全局固定菜单栏"],"fullName":"FP-18 主题与UI 全局固定菜单栏 Req4 主页中间仅显示居中的页面标题“主页”，无重复的返回主页按钮文本","status":"passed","title":"Req4 主页中间仅显示居中的页面标题“主页”，无重复的返回主页按钮文本","duration":15.830799999999726,"failureMessages":[],"meta":{},"tags":[],"benchmarks":[]},{"ancestorTitles":["FP-18 主题与UI","全局固定菜单栏"],"fullName":"FP-18 主题与UI 全局固定菜单栏 登录页不显示主页按钮","status":"passed","title":"登录页不显示主页按钮","duration":12.725400000000263,"failureMessages":[],"meta":{},"tags":[],"benchmarks":[]},{"ancestorTitles":["FP-18 主题与UI","全局固定菜单栏"],"fullName":"FP-18 主题与UI 全局固定菜单栏 非主页且非登录页显示主页按钮","status":"passed","title":"非主页且非登录页显示主页按钮","duration":12.356200000000172,"failureMessages":[],"meta":{},"tags":[],"benchmarks":[]},{"ancestorTitles":["FP-18 主题与UI","全局固定菜单栏"],"fullName":"FP-18 主题与UI 全局固定菜单栏 点击返回按钮调用 router.back()","status":"passed","title":"点击返回按钮调用 router.back()","duration":14.313499999999294,"failureMessages":[],"meta":{},"tags":[],"benchmarks":[]},{"ancestorTitles":["FP-18 主题与UI","全局固定菜单栏"],"fullName":"FP-18 主题与UI 全局固定菜单栏 点击主页按钮跳转主页","status":"passed","title":"点击主页按钮跳转主页","duration":73.48000000000047,"failureMessages":[],"meta":{},"tags":[],"benchmarks":[]},{"ancestorTitles":["FP-18 主题与UI","全局固定菜单栏"],"fullName":"FP-18 主题与UI 全局固定菜单栏 非聊天页中间显示页面标题","status":"passed","title":"非聊天页中间显示页面标题","duration":13.994599999999991,"failureMessages":[],"meta":{},"tags":[],"benchmarks":[]},{"ancestorTitles":["FP-18 主题与UI","全局固定菜单栏"],"fullName":"FP-18 主题与UI 全局固定菜单栏 聊天页中间显示角色名","status":"passed","title":"聊天页中间显示角色名","duration":16.723700000000463,"failureMessages":[],"meta":{},"tags":[],"benchmarks":[]},{"ancestorTitles":["FP-18 主题与UI","全局固定菜单栏"],"fullName":"FP-18 主题与UI 全局固定菜单栏 右侧始终显示深色/浅色切换按钮","status":"passed","title":"右侧始终显示深色/浅色切换按钮","duration":17.519000000000233,"failureMessages":[],"meta":{},"tags":[],"benchmarks":[]},{"ancestorTitles":["FP-18 主题与UI","全局固定菜单栏"],"fullName":"FP-18 主题与UI 全局固定菜单栏 点击主题切换按钮切换主题","status":"passed","title":"点击主题切换按钮切换主题","duration":23.141700000000128,"failureMessages":[],"meta":{},"tags":[],"benchmarks":[]},{"ancestorTitles":["FP-18 主题与UI","全局固定菜单栏"],"fullName":"FP-18 主题与UI 全局固定菜单栏 聊天页显示军师指导按钮","status":"passed","title":"聊天页显示军师指导按钮","duration":22.859599999999773,"failureMessages":[],"meta":{},"tags":[],"benchmarks":[]},{"ancestorTitles":["FP-18 主题与UI","全局固定菜单栏"],"fullName":"FP-18 主题与UI 全局固定菜单栏 非聊天页不显示军师指导按钮","status":"passed","title":"非聊天页不显示军师指导按钮","duration":16.284700000000157,"failureMessages":[],"meta":{},"tags":[],"benchmarks":[]},{"ancestorTitles":["FP-18 主题与UI","全局固定菜单栏"],"fullName":"FP-18 主题与UI 全局固定菜单栏 已登录时显示通知按钮","status":"passed","title":"已登录时显示通知按钮","duration":20.431900000000496,"failureMessages":[],"meta":{},"tags":[],"benchmarks":[]},{"ancestorTitles":["FP-18 主题与UI","全局固定菜单栏"],"fullName":"FP-18 主题与UI 全局固定菜单栏 未登录时不显示通知按钮","status":"passed","title":"未登录时不显示通知按钮","duration":11.936099999999897,"failureMessages":[],"meta":{},"tags":[],"benchmarks":[]},{"ancestorTitles":["FP-18 主题与UI","全局固定菜单栏"],"fullName":"FP-18 主题与UI 全局固定菜单栏 版本号直接可见且与站点配置一致","status":"passed","title":"版本号直接可见且与站点配置一致","duration":17.96480000000065,"failureMessages":[],"meta":{},"tags":[],"benchmarks":[]},{"ancestorTitles":["FP-18 主题与UI","全局固定菜单栏"],"fullName":"FP-18 主题与UI 全局固定菜单栏 退出登录按钮默认颜色为红色","status":"passed","title":"退出登录按钮默认颜色为红色","duration":26.876900000000205,"failureMessages":[],"meta":{},"tags":[],"benchmarks":[]},{"ancestorTitles":["FP-18 主题与UI","全局固定菜单栏"],"fullName":"FP-18 主题与UI 全局固定菜单栏 更多菜单包含用户协议与隐私政策","status":"passed","title":"更多菜单包含用户协议与隐私政策","duration":22.31370000000061,"failureMessages":[],"meta":{},"tags":[],"benchmarks":[]},{"ancestorTitles":["FP-18 主题与UI","全局固定菜单栏"],"fullName":"FP-18 主题与UI 全局固定菜单栏 聊天页「对方正在输入」提示出现在角色名下方且整体居中","status":"passed","title":"聊天页「对方正在输入」提示出现在角色名下方且整体居中","duration":18.731700000000274,"failureMessages":[],"meta":{},"tags":[],"benchmarks":[]},{"ancestorTitles":["FP-18 主题与UI","全局固定菜单栏"],"fullName":"FP-18 主题与UI 全局固定菜单栏 FP-19 聊天页菜单栏右侧包含主题切换+军师+通知+版本号+更多菜单（统一布局）","status":"passed","title":"FP-19 聊天页菜单栏右侧包含主题切换+军师+通知+版本号+更多菜单（统一布局）","duration":17.016099999999824,"failureMessages":[],"meta":{},"tags":[],"benchmarks":[]},{"ancestorTitles":["FP-18 主题与UI","全局固定菜单栏"],"fullName":"FP-18 主题与UI 全局固定菜单栏 FP-19 非聊天页菜单栏右侧包含主题切换+通知+版本号+更多菜单（无军师按钮）","status":"passed","title":"FP-19 非聊天页菜单栏右侧包含主题切换+通知+版本号+更多菜单（无军师按钮）","duration":28.96810000000005,"failureMessages":[],"meta":{},"tags":[],"benchmarks":[]},{"ancestorTitles":["FP-18 主题与UI","全局固定菜单栏"],"fullName":"FP-18 主题与UI 全局固定菜单栏 FP-19 聊天页与非聊天页菜单栏使用同一套布局结构（caidan-zuo/zhong/you 共存）","status":"passed","title":"FP-19 聊天页与非聊天页菜单栏使用同一套布局结构（caidan-zuo/zhong/you 共存）","duration":30.49160000000029,"failureMessages":[],"meta":{},"tags":[],"benchmarks":[]},{"ancestorTitles":["FP-18 主题与UI","全局固定菜单栏"],"fullName":"FP-18 主题与UI 全局固定菜单栏 FP-19 聊天页更多菜单（qita-xuanxiang）可展开并包含用户协议与隐私政策","status":"passed","title":"FP-19 聊天页更多菜单（qita-xuanxiang）可展开并包含用户协议与隐私政策","duration":23.963399999999638,"failureMessages":[],"meta":{},"tags":[],"benchmarks":[]},{"ancestorTitles":["FP-18 主题与UI","全局固定菜单栏"],"fullName":"FP-18 主题与UI 全局固定菜单栏 顶部栏流式布局不覆盖页面，主内容区无 margin-top 偏移","status":"passed","title":"顶部栏流式布局不覆盖页面，主内容区无 margin-top 偏移","duration":1.3870999999999185,"failureMessages":[],"meta":{},"tags":[],"benchmarks":[]},{"ancestorTitles":["FP-18 主题与UI","全局固定菜单栏"],"fullName":"FP-18 主题与UI 全局固定菜单栏 Req4 顶部菜单栏采用固定三栏网格布局（左/中/右固定尺寸插槽），标题真正居中无偏右","status":"passed","title":"Req4 顶部菜单栏采用固定三栏网格布局（左/中/右固定尺寸插槽），标题真正居中无偏右","duration":0.7057000000004336,"failureMessages":[],"meta":{},"tags":[],"benchmarks":[]},{"ancestorTitles":["FP-18 主题与UI","全局固定菜单栏"],"fullName":"FP-18 主题与UI 全局固定菜单栏 Req4 主页与非主页共享同一三栏结构，主页按钮作为占位保留在左槽","status":"passed","title":"Req4 主页与非主页共享同一三栏结构，主页按钮作为占位保留在左槽","duration":53.491799999999785,"failureMessages":[],"meta":{},"tags":[],"benchmarks":[]},{"ancestorTitles":["FP-18 主题与UI","FP-01 顶部菜单功能分类重做"],"fullName":"FP-18 主题与UI FP-01 顶部菜单功能分类重做 FP-02 已登录用户下拉中「账号设置」为直接入口（无展开组/无飞出列）","status":"passed","title":"FP-02 已登录用户下拉中「账号设置」为直接入口（无展开组/无飞出列）","duration":23.342799999999443,"failureMessages":[],"meta":{},"tags":[],"benchmarks":[]},{"ancestorTitles":["FP-18 主题与UI","FP-01 顶部菜单功能分类重做"],"fullName":"FP-18 主题与UI FP-01 顶部菜单功能分类重做 FP-02 用户下拉顺序为账号设置/战绩/好友/退出登录，退出登录紧随好友","status":"passed","title":"FP-02 用户下拉顺序为账号设置/战绩/好友/退出登录，退出登录紧随好友","duration":21.51300000000083,"failureMessages":[],"meta":{},"tags":[],"benchmarks":[]},{"ancestorTitles":["FP-18 主题与UI","FP-01 顶部菜单功能分类重做"],"fullName":"FP-18 主题与UI FP-01 顶部菜单功能分类重做 下拉顶部展示头像昵称签名资料头，点击直达账号设置","status":"passed","title":"下拉顶部展示头像昵称签名资料头，点击直达账号设置","duration":34.006100000000515,"failureMessages":[],"meta":{},"tags":[],"benchmarks":[]},{"ancestorTitles":["FP-18 主题与UI","FP-01 顶部菜单功能分类重做"],"fullName":"FP-18 主题与UI FP-01 顶部菜单功能分类重做 FP-02 飞出列快捷锚点已收敛：下拉无锚点按钮，资料头仍直达头像卡","status":"passed","title":"FP-02 飞出列快捷锚点已收敛：下拉无锚点按钮，资料头仍直达头像卡","duration":31.173099999999977,"failureMessages":[],"meta":{},"tags":[],"benchmarks":[]},{"ancestorTitles":["FP-18 主题与UI","FP-01 顶部菜单功能分类重做"],"fullName":"FP-18 主题与UI FP-01 顶部菜单功能分类重做 FP-02 用户下拉箭头仍为 CSS 绘制小三角而非大字符","status":"passed","title":"FP-02 用户下拉箭头仍为 CSS 绘制小三角而非大字符","duration":19.571200000000317,"failureMessages":[],"meta":{},"tags":[],"benchmarks":[]},{"ancestorTitles":["FP-18 主题与UI","FP-01 顶部菜单功能分类重做"],"fullName":"FP-18 主题与UI FP-01 顶部菜单功能分类重做 「账号设置」「过往战绩」「好友」同级且点击走对应路由","status":"passed","title":"「账号设置」「过往战绩」「好友」同级且点击走对应路由","duration":89.71810000000005,"failureMessages":[],"meta":{},"tags":[],"benchmarks":[]},{"ancestorTitles":["FP-18 主题与UI","FP-01 顶部菜单功能分类重做"],"fullName":"FP-18 主题与UI FP-01 顶部菜单功能分类重做 FP-02 主页点击退出登录发起退出请求","status":"passed","title":"FP-02 主页点击退出登录发起退出请求","duration":23.981599999999162,"failureMessages":[],"meta":{},"tags":[],"benchmarks":[]},{"ancestorTitles":["FP-18 主题与UI","FP-01 顶部菜单功能分类重做"],"fullName":"FP-18 主题与UI FP-01 顶部菜单功能分类重做 FP-02 下拉展开后点击外部关闭用户下拉","status":"passed","title":"FP-02 下拉展开后点击外部关闭用户下拉","duration":32.740200000000186,"failureMessages":[],"meta":{},"tags":[],"benchmarks":[]},{"ancestorTitles":["FP-18 主题与UI","FP-01 顶部菜单功能分类重做"],"fullName":"FP-18 主题与UI FP-01 顶部菜单功能分类重做 更多菜单(☰)仅含用户协议/隐私政策两项，不含过往战绩","status":"passed","title":"更多菜单(☰)仅含用户协议/隐私政策两项，不含过往战绩","duration":22.479699999999866,"failureMessages":[],"meta":{},"tags":[],"benchmarks":[]},{"ancestorTitles":["FP-18 主题与UI","FP-01 顶部菜单功能分类重做"],"fullName":"FP-18 主题与UI FP-01 顶部菜单功能分类重做 FP-02 源码无飞出列与弹窗残留：无认证接口调用/无弹窗样式","status":"passed","title":"FP-02 源码无飞出列与弹窗残留：无认证接口调用/无弹窗样式","duration":20.547700000000077,"failureMessages":[],"meta":{},"tags":[],"benchmarks":[]},{"ancestorTitles":["FP-18 主题与UI","FP-01 顶部菜单功能分类重做"],"fullName":"FP-18 主题与UI FP-01 顶部菜单功能分类重做 FP-02 退出登录为下拉内红色原生按钮，键盘可达","status":"passed","title":"FP-02 退出登录为下拉内红色原生按钮，键盘可达","duration":26.257299999999304,"failureMessages":[],"meta":{},"tags":[],"benchmarks":[]}],"startTime":1789537099309,"endTime":1789537100400.2573,"status":"passed","message":"","name":"D:/xuanr/Desktop/燃烧之陨我的世界服务端/和我恋爱吧/frontend/src/__tests__/主题与菜单.test.ts"},{"assertionResults":[{"ancestorTitles":["FP-09 B-8 军师AI标识","军师指导面板 - 指导结果区 AI 标识"],"fullName":"FP-09 B-8 军师AI标识 军师指导面板 - 指导结果区 AI 标识 指导结果区渲染时显示 AI 生成标识/免责行","status":"passed","title":"指导结果区渲染时显示 AI 生成标识/免责行","duration":68.6315999999988,"failureMessages":[],"meta":{},"tags":[],"benchmarks":[]},{"ancestorTitles":["FP-09 B-8 军师AI标识","军师指导面板 - 指导结果区 AI 标识"],"fullName":"FP-09 B-8 军师AI标识 军师指导面板 - 指导结果区 AI 标识 AI 标识使用小字、灰色样式","status":"passed","title":"AI 标识使用小字、灰色样式","duration":15.398699999999735,"failureMessages":[],"meta":{},"tags":[],"benchmarks":[]},{"ancestorTitles":["FP-09 B-8 军师AI标识","军师记录详情页 - 建议区域 AI 标识"],"fullName":"FP-09 B-8 军师AI标识 军师记录详情页 - 建议区域 AI 标识 建议区域渲染时显示 AI 生成标识/免责行","status":"passed","title":"建议区域渲染时显示 AI 生成标识/免责行","duration":21.395700000000943,"failureMessages":[],"meta":{},"tags":[],"benchmarks":[]},{"ancestorTitles":["FP-09 B-8 军师AI标识","军师记录详情页 - 建议区域 AI 标识"],"fullName":"FP-09 B-8 军师AI标识 军师记录详情页 - 建议区域 AI 标识 AI 标识使用小字、灰色样式","status":"passed","title":"AI 标识使用小字、灰色样式","duration":8.975099999999657,"failureMessages":[],"meta":{},"tags":[],"benchmarks":[]}],"startTime":1789537108717,"endTime":1789537108831.975,"status":"passed","message":"","name":"D:/xuanr/Desktop/燃烧之陨我的世界服务端/和我恋爱吧/frontend/src/__tests__/军师AI标识.test.ts"},{"assertionResults":[{"ancestorTitles":["FP-03 军师指导面板单级菜单化","顶部布局"],"fullName":"FP-03 军师指导面板单级菜单化 顶部布局 面板打开后无标签切换，直接显示军师列表","status":"passed","title":"面板打开后无标签切换，直接显示军师列表","duration":60.244800000000396,"failureMessages":[],"meta":{},"tags":[],"benchmarks":[]},{"ancestorTitles":["FP-03 军师指导面板单级菜单化","顶部布局"],"fullName":"FP-03 军师指导面板单级菜单化 顶部布局 顶部显示军师指导标题和关闭按钮","status":"passed","title":"顶部显示军师指导标题和关闭按钮","duration":15.638300000000527,"failureMessages":[],"meta":{},"tags":[],"benchmarks":[]},{"ancestorTitles":["FP-03 军师指导面板单级菜单化","顶部布局"],"fullName":"FP-03 军师指导面板单级菜单化 顶部布局 点击关闭按钮触发 guanBi 事件","status":"passed","title":"点击关闭按钮触发 guanBi 事件","duration":17.91530000000057,"failureMessages":[],"meta":{},"tags":[],"benchmarks":[]},{"ancestorTitles":["FP-03 军师指导面板单级菜单化","顶部布局"],"fullName":"FP-03 军师指导面板单级菜单化 顶部布局 不再显示历史战绩标签及其入口","status":"passed","title":"不再显示历史战绩标签及其入口","duration":13.175900000000183,"failureMessages":[],"meta":{},"tags":[],"benchmarks":[]},{"ancestorTitles":["FP-03 军师指导面板单级菜单化","军师列表展示"],"fullName":"FP-03 军师指导面板单级菜单化 军师列表展示 默认每个未指导军师显示请求指导按钮","status":"passed","title":"默认每个未指导军师显示请求指导按钮","duration":12.062000000001717,"failureMessages":[],"meta":{},"tags":[],"benchmarks":[]},{"ancestorTitles":["FP-03 军师指导面板单级菜单化","军师列表展示"],"fullName":"FP-03 军师指导面板单级菜单化 军师列表展示 军师列表包含玄锐暮、测试军师1、测试军师2","status":"passed","title":"军师列表包含玄锐暮、测试军师1、测试军师2","duration":9.597900000000664,"failureMessages":[],"meta":{},"tags":[],"benchmarks":[]},{"ancestorTitles":["FP-03 军师指导面板单级菜单化","军师列表展示"],"fullName":"FP-03 军师指导面板单级菜单化 军师列表展示 军师头像使用后端配置路径","status":"passed","title":"军师头像使用后端配置路径","duration":12.449900000001435,"failureMessages":[],"meta":{},"tags":[],"benchmarks":[]},{"ancestorTitles":["FP-03 军师指导面板单级菜单化","军师列表展示"],"fullName":"FP-03 军师指导面板单级菜单化 军师列表展示 缺少jiaoSeId时请求按钮禁用","status":"passed","title":"缺少jiaoSeId时请求按钮禁用","duration":8.219100000000253,"failureMessages":[],"meta":{},"tags":[],"benchmarks":[]},{"ancestorTitles":["FP-03 军师指导面板单级菜单化","请求指导交互"],"fullName":"FP-03 军师指导面板单级菜单化 请求指导交互 点击请求后调用API并展示结果","status":"passed","title":"点击请求后调用API并展示结果","duration":22.567399999999907,"failureMessages":[],"meta":{},"tags":[],"benchmarks":[]},{"ancestorTitles":["FP-03 军师指导面板单级菜单化","请求指导交互"],"fullName":"FP-03 军师指导面板单级菜单化 请求指导交互 点击测试军师1请求携带对应军师ID","status":"passed","title":"点击测试军师1请求携带对应军师ID","duration":20.221199999999953,"failureMessages":[],"meta":{},"tags":[],"benchmarks":[]},{"ancestorTitles":["FP-03 军师指导面板单级菜单化","请求指导交互"],"fullName":"FP-03 军师指导面板单级菜单化 请求指导交互 军师重复错误显示对应翻译提示","status":"passed","title":"军师重复错误显示对应翻译提示","duration":11.647399999999834,"failureMessages":[],"meta":{},"tags":[],"benchmarks":[]},{"ancestorTitles":["FP-03 军师指导面板单级菜单化","请求指导交互"],"fullName":"FP-03 军师指导面板单级菜单化 请求指导交互 无聊天记录错误显示对应翻译提示","status":"passed","title":"无聊天记录错误显示对应翻译提示","duration":11.106400000000576,"failureMessages":[],"meta":{},"tags":[],"benchmarks":[]},{"ancestorTitles":["FP-03 军师指导面板单级菜单化","请求指导交互"],"fullName":"FP-03 军师指导面板单级菜单化 请求指导交互 未知错误显示通用失败提示","status":"passed","title":"未知错误显示通用失败提示","duration":12.912999999998647,"failureMessages":[],"meta":{},"tags":[],"benchmarks":[]},{"ancestorTitles":["FP-03 军师指导面板单级菜单化","状态显示"],"fullName":"FP-03 军师指导面板单级菜单化 状态显示 历史记录中已指导过的军师显示已指导 - 查看结果","status":"passed","title":"历史记录中已指导过的军师显示已指导 - 查看结果","duration":13.189800000000105,"failureMessages":[],"meta":{},"tags":[],"benchmarks":[]},{"ancestorTitles":["FP-03 军师指导面板单级菜单化","状态显示"],"fullName":"FP-03 军师指导面板单级菜单化 状态显示 未指导过的军师显示请求指导按钮","status":"passed","title":"未指导过的军师显示请求指导按钮","duration":10.063000000000102,"failureMessages":[],"meta":{},"tags":[],"benchmarks":[]},{"ancestorTitles":["FP-03 军师指导面板单级菜单化","状态显示"],"fullName":"FP-03 军师指导面板单级菜单化 状态显示 当前指导中的军师显示指导中并禁用按钮","status":"passed","title":"当前指导中的军师显示指导中并禁用按钮","duration":12.74120000000039,"failureMessages":[],"meta":{},"tags":[],"benchmarks":[]},{"ancestorTitles":["FP-03 军师指导面板单级菜单化","状态显示"],"fullName":"FP-03 军师指导面板单级菜单化 状态显示 当前已完成状态的军师显示已指导 - 查看结果","status":"passed","title":"当前已完成状态的军师显示已指导 - 查看结果","duration":12.506099999998696,"failureMessages":[],"meta":{},"tags":[],"benchmarks":[]},{"ancestorTitles":["FP-03 军师指导面板单级菜单化","状态显示"],"fullName":"FP-03 军师指导面板单级菜单化 状态显示 点击查看结果按钮展开指导结果，再次点击收起","status":"passed","title":"点击查看结果按钮展开指导结果，再次点击收起","duration":11.738199999999779,"failureMessages":[],"meta":{},"tags":[],"benchmarks":[]},{"ancestorTitles":["FP-03 军师指导面板单级菜单化","状态显示"],"fullName":"FP-03 军师指导面板单级菜单化 状态显示 已完成状态属于其他军师时该军师仍显示请求指导","status":"passed","title":"已完成状态属于其他军师时该军师仍显示请求指导","duration":12.801499999999578,"failureMessages":[],"meta":{},"tags":[],"benchmarks":[]},{"ancestorTitles":["FP-03 军师指导面板单级菜单化","状态显示"],"fullName":"FP-03 军师指导面板单级菜单化 状态显示 指导完成后有新聊天记录时回到初态可再次请求指导","status":"passed","title":"指导完成后有新聊天记录时回到初态可再次请求指导","duration":11.938400000000911,"failureMessages":[],"meta":{},"tags":[],"benchmarks":[]},{"ancestorTitles":["FP-03 军师指导面板单级菜单化","状态显示"],"fullName":"FP-03 军师指导面板单级菜单化 状态显示 历史记录中有该军师但可再次指导时也回到初态","status":"passed","title":"历史记录中有该军师但可再次指导时也回到初态","duration":9.4395999999997,"failureMessages":[],"meta":{},"tags":[],"benchmarks":[]},{"ancestorTitles":["FP-03 军师指导面板单级菜单化","状态显示"],"fullName":"FP-03 军师指导面板单级菜单化 状态显示 任何军师指导中时所有其他军师请求按钮全部禁用","status":"passed","title":"任何军师指导中时所有其他军师请求按钮全部禁用","duration":11.21559999999954,"failureMessages":[],"meta":{},"tags":[],"benchmarks":[]},{"ancestorTitles":["FP-03 军师指导面板单级菜单化","轮询与状态持久化"],"fullName":"FP-03 军师指导面板单级菜单化 轮询与状态持久化 初始进入指导中状态时启动轮询，轮询完成后显示结果","status":"passed","title":"初始进入指导中状态时启动轮询，轮询完成后显示结果","duration":21.53439999999864,"failureMessages":[],"meta":{},"tags":[],"benchmarks":[]},{"ancestorTitles":["FP-03 军师指导面板单级菜单化","轮询与状态持久化"],"fullName":"FP-03 军师指导面板单级菜单化 轮询与状态持久化 请求返回指导中错误码时启动轮询，轮询检测到完成后显示结果","status":"passed","title":"请求返回指导中错误码时启动轮询，轮询检测到完成后显示结果","duration":29.053900000000795,"failureMessages":[],"meta":{},"tags":[],"benchmarks":[]},{"ancestorTitles":["FP-03 军师指导面板单级菜单化","前端军师面板数据展示"],"fullName":"FP-03 军师指导面板单级菜单化 前端军师面板数据展示 不展示好感度四维分数","status":"passed","title":"不展示好感度四维分数","duration":14.802999999999884,"failureMessages":[],"meta":{},"tags":[],"benchmarks":[]},{"ancestorTitles":["FP-03 军师指导面板单级菜单化","前端军师面板数据展示"],"fullName":"FP-03 军师指导面板单级菜单化 前端军师面板数据展示 不展示AI内心活动或评分变化","status":"passed","title":"不展示AI内心活动或评分变化","duration":13.393500000000131,"failureMessages":[],"meta":{},"tags":[],"benchmarks":[]},{"ancestorTitles":["FP-03 军师指导面板单级菜单化","前端军师面板数据展示"],"fullName":"FP-03 军师指导面板单级菜单化 前端军师面板数据展示 面板内容不包含天津方言味相关描述","status":"passed","title":"面板内容不包含天津方言味相关描述","duration":15.012699999999313,"failureMessages":[],"meta":{},"tags":[],"benchmarks":[]},{"ancestorTitles":["FP-04 军师指导滚动条样式"],"fullName":"FP-04 军师指导滚动条样式 军师指导内容区存在统一纵向滚动条样式","status":"passed","title":"军师指导内容区存在统一纵向滚动条样式","duration":0.7299000000002707,"failureMessages":[],"meta":{},"tags":[],"benchmarks":[]},{"ancestorTitles":["FP-04 军师指导\"指导记录\"独立入口"],"fullName":"FP-04 军师指导\"指导记录\"独立入口 顶部存在指导记录按钮，文案为\"指导记录\"","status":"passed","title":"顶部存在指导记录按钮，文案为\"指导记录\"","duration":15.046499999998
[...]
":{},"tags":[],"benchmarks":[]},{"ancestorTitles":["FP-21 通话仓库状态机"],"fullName":"FP-21 通话仓库状态机 振铃期收到 通话拒绝 直接进入终态，通话结束(yiJuJie) 记录原因并归位","status":"passed","title":"振铃期收到 通话拒绝 直接进入终态，通话结束(yiJuJie) 记录原因并归位","duration":3.0335000000004584,"failureMessages":[],"meta":{},"tags":[],"benchmarks":[]},{"ancestorTitles":["FP-21 通话仓库状态机"],"fullName":"FP-21 通话仓库状态机 getUserMedia 被拒：报翻译错误且不进入振铃、不发邀请","status":"passed","title":"getUserMedia 被拒：报翻译错误且不进入振铃、不发邀请","duration":2.347500000000764,"failureMessages":[],"meta":{},"tags":[],"benchmarks":[]},{"ancestorTitles":["FP-21 通话仓库状态机"],"fullName":"FP-21 通话仓库状态机 非空闲态忽略重复邀请（防抖），不产生第二次信令","status":"passed","title":"非空闲态忽略重复邀请（防抖），不产生第二次信令","duration":3.511500000000524,"failureMessages":[],"meta":{},"tags":[],"benchmarks":[]},{"ancestorTitles":["FP-21 通话仓库状态机"],"fullName":"FP-21 通话仓库状态机 邀请 ack 失败：报服务端提示、不进入振铃、本地轨道释放","status":"passed","title":"邀请 ack 失败：报服务端提示、不进入振铃、本地轨道释放","duration":2.0565000000005966,"failureMessages":[],"meta":{},"tags":[],"benchmarks":[]},{"ancestorTitles":["FP-21 通话铃声（Web Audio 合成）"],"fullName":"FP-21 通话铃声（Web Audio 合成） 启动创建振荡器且两音交替；停止后振荡器停摆、上下文关闭","status":"passed","title":"启动创建振荡器且两音交替；停止后振荡器停摆、上下文关闭","duration":2.463900000000649,"failureMessages":[],"meta":{},"tags":[],"benchmarks":[]},{"ancestorTitles":["FP-21 通话铃声（Web Audio 合成）"],"fullName":"FP-21 通话铃声（Web Audio 合成） 环境无 AudioContext 时静默降级不抛错","status":"passed","title":"环境无 AudioContext 时静默降级不抛错","duration":1.4278000000003885,"failureMessages":[],"meta":{},"tags":[],"benchmarks":[]},{"ancestorTitles":["FP-21 通话界面组件渲染"],"fullName":"FP-21 通话界面组件渲染 语音振铃态：等待文本+头像+呼吸光圈+取消按钮","status":"passed","title":"语音振铃态：等待文本+头像+呼吸光圈+取消按钮","duration":55.091699999999946,"failureMessages":[],"meta":{},"tags":[],"benchmarks":[]},{"ancestorTitles":["FP-21 通话界面组件渲染"],"fullName":"FP-21 通话界面组件渲染 语音接通态：MM:SS 大字计时+挂断按钮触发挂断动作","status":"passed","title":"语音接通态：MM:SS 大字计时+挂断按钮触发挂断动作","duration":16.202800000000025,"failureMessages":[],"meta":{},"tags":[],"benchmarks":[]},{"ancestorTitles":["FP-21 通话界面组件渲染"],"fullName":"FP-21 通话界面组件渲染 视频形态：video 元素与三个控制钮齐全","status":"passed","title":"视频形态：video 元素与三个控制钮齐全","duration":35.118899999999485,"failureMessages":[],"meta":{},"tags":[],"benchmarks":[]},{"ancestorTitles":["FP-21 通话界面组件渲染"],"fullName":"FP-21 通话界面组件渲染 点击麦克风钮切换 aria-pressed 与关闭样式类并禁用音频轨道","status":"passed","title":"点击麦克风钮切换 aria-pressed 与关闭样式类并禁用音频轨道","duration":24.964899999999943,"failureMessages":[],"meta":{},"tags":[],"benchmarks":[]},{"ancestorTitles":["FP-21 通话界面组件渲染"],"fullName":"FP-21 通话界面组件渲染 视频形态控制栏不含独立取消按钮，挂断钮在振铃期为取消语义","status":"passed","title":"视频形态控制栏不含独立取消按钮，挂断钮在振铃期为取消语义","duration":12.693300000000818,"failureMessages":[],"meta":{},"tags":[],"benchmarks":[]},{"ancestorTitles":["FP-21 通话界面组件渲染"],"fullName":"FP-21 通话界面组件渲染 拒绝终态：状态文本显示对方拒绝了通话","status":"passed","title":"拒绝终态：状态文本显示对方拒绝了通话","duration":11.960000000000036,"failureMessages":[],"meta":{},"tags":[],"benchmarks":[]},{"ancestorTitles":["FP-21 通话界面组件渲染"],"fullName":"FP-21 通话界面组件渲染 组件卸载兜底清理铃声资源","status":"passed","title":"组件卸载兜底清理铃声资源","duration":5.579899999999725,"failureMessages":[],"meta":{},"tags":[],"benchmarks":[]},{"ancestorTitles":["FP-21 翻译键存在性"],"fullName":"FP-21 翻译键存在性 tongHua 全部新键存在于 translations.ts","status":"passed","title":"tongHua 全部新键存在于 translations.ts","duration":0.7682000000004336,"failureMessages":[],"meta":{},"tags":[],"benchmarks":[]},{"ancestorTitles":["FP-21 聊天页系统消息渲染"],"fullName":"FP-21 聊天页系统消息渲染 通话系统消息（发送者=xitong）渲染为居中灰色小字分支，无头像无气泡","status":"passed","title":"通话系统消息（发送者=xitong）渲染为居中灰色小字分支，无头像无气泡","duration":467.8600999999999,"failureMessages":[],"meta":{},"tags":[],"benchmarks":[]},{"ancestorTitles":["FP-21 聊天页系统消息渲染"],"fullName":"FP-21 聊天页系统消息渲染 传统 lei_xing=xitong 消息仍走系统样式分支（回归保护）","status":"passed","title":"传统 lei_xing=xitong 消息仍走系统样式分支（回归保护）","duration":149.20560000000023,"failureMessages":[],"meta":{},"tags":[],"benchmarks":[]}],"startTime":1789537099406,"endTime":1789537100228.2056,"status":"passed","message":"","name":"D:/xuanr/Desktop/燃烧之陨我的世界服务端/和我恋爱吧/frontend/src/__tests__/通话界面.test.ts"},{"assertionResults":[{"ancestorTitles":["FP-11 前端错误处理统一","fenLeiCuoWu 错误分类"],"fullName":"FP-11 前端错误处理统一 fenLeiCuoWu 错误分类 401 状态码归为鉴权错误","status":"passed","title":"401 状态码归为鉴权错误","duration":2.764900000001944,"failureMessages":[],"meta":{},"tags":[],"benchmarks":[]},{"ancestorTitles":["FP-11 前端错误处理统一","fenLeiCuoWu 错误分类"],"fullName":"FP-11 前端错误处理统一 fenLeiCuoWu 错误分类 403 状态码归为鉴权错误","status":"passed","title":"403 状态码归为鉴权错误","duration":0.42369999999937136,"failureMessages":[],"meta":{},"tags":[],"benchmarks":[]},{"ancestorTitles":["FP-11 前端错误处理统一","fenLeiCuoWu 错误分类"],"fullName":"FP-11 前端错误处理统一 fenLeiCuoWu 错误分类 401 带 cuo_wu_ma 仍归为鉴权错误（鉴权优先于业务）","status":"passed","title":"401 带 cuo_wu_ma 仍归为鉴权错误（鉴权优先于业务）","duration":0.8198000000011234,"failureMessages":[],"meta":{},"tags":[],"benchmarks":[]},{"ancestorTitles":["FP-11 前端错误处理统一","fenLeiCuoWu 错误分类"],"fullName":"FP-11 前端错误处理统一 fenLeiCuoWu 错误分类 500 状态码无业务错误码归为服务器错误","status":"passed","title":"500 状态码无业务错误码归为服务器错误","duration":0.5061999999998079,"failureMessages":[],"meta":{},"tags":[],"benchmarks":[]},{"ancestorTitles":["FP-11 前端错误处理统一","fenLeiCuoWu 错误分类"],"fullName":"FP-11 前端错误处理统一 fenLeiCuoWu 错误分类 502 状态码归为服务器错误","status":"passed","title":"502 状态码归为服务器错误","duration":0.2793999999994412,"failureMessages":[],"meta":{},"tags":[],"benchmarks":[]},{"ancestorTitles":["FP-11 前端错误处理统一","fenLeiCuoWu 错误分类"],"fullName":"FP-11 前端错误处理统一 fenLeiCuoWu 错误分类 500 带 cuo_wu_ma 归为业务错误（业务优先于服务器）","status":"passed","title":"500 带 cuo_wu_ma 归为业务错误（业务优先于服务器）","duration":0.23809999999866704,"failureMessages":[],"meta":{},"tags":[],"benchmarks":[]},{"ancestorTitles":["FP-11 前端错误处理统一","fenLeiCuoWu 错误分类"],"fullName":"FP-11 前端错误处理统一 fenLeiCuoWu 错误分类 409 带 cuo_wu_ma 归为业务错误","status":"passed","title":"409 带 cuo_wu_ma 归为业务错误","duration":0.23610000000189757,"failureMessages":[],"meta":{},"tags":[],"benchmarks":[]},{"ancestorTitles":["FP-11 前端错误处理统一","fenLeiCuoWu 错误分类"],"fullName":"FP-11 前端错误处理统一 fenLeiCuoWu 错误分类 400 状态码归为输入错误","status":"passed","title":"400 状态码归为输入错误","duration":0.26900000000023283,"failureMessages":[],"meta":{},"tags":[],"benchmarks":[]},{"ancestorTitles":["FP-11 前端错误处理统一","fenLeiCuoWu 错误分类"],"fullName":"FP-11 前端错误处理统一 fenLeiCuoWu 错误分类 404 状态码归为输入错误","status":"passed","title":"404 状态码归为输入错误","duration":0.51759999999922,"failureMessages":[],"meta":{},"tags":[],"benchmarks":[]},{"ancestorTitles":["FP-11 前端错误处理统一","fenLeiCuoWu 错误分类"],"fullName":"FP-11 前端错误处理统一 fenLeiCuoWu 错误分类 422 状态码归为输入错误","status":"passed","title":"422 状态码归为输入错误","duration":0.42180000000007567,"failureMessages":[],"meta":{},"tags":[],"benchmarks":[]},{"ancestorTitles":["FP-11 前端错误处理统一","fenLeiCuoWu 错误分类"],"fullName":"FP-11 前端错误处理统一 fenLeiCuoWu 错误分类 无 response 的 axios 错误归为网络错误","status":"passed","title":"无 response 的 axios 错误归为网络错误","duration":0.18069999999715947,"failureMessages":[],"meta":{},"tags":[],"benchmarks":[]},{"ancestorTitles":["FP-11 前端错误处理统一","fenLeiCuoWu 错误分类"],"fullName":"FP-11 前端错误处理统一 fenLeiCuoWu 错误分类 ECONNABORTED 超时错误归为网络错误","status":"passed","title":"ECONNABORTED 超时错误归为网络错误","duration":0.1304999999993015,"failureMessages":[],"meta":{},"tags":[],"benchmarks":[]},{"ancestorTitles":["FP-11 前端错误处理统一","fenLeiCuoWu 错误分类"],"fullName":"FP-11 前端错误处理统一 fenLeiCuoWu 错误分类 带 cuo_wu_ma 的普通 Error 归为业务错误","status":"passed","title":"带 cuo_wu_ma 的普通 Error 归为业务错误","duration":0.15279999999984284,"failureMessages":[],"meta":{},"tags":[],"benchmarks":[]},{"ancestorTitles":["FP-11 前端错误处理统一","fenLeiCuoWu 错误分类"],"fullName":"FP-11 前端错误处理统一 fenLeiCuoWu 错误分类 普通 Error 归为未知错误","status":"passed","title":"普通 Error 归为未知错误","duration":0.17050000000017462,"failureMessages":[],"meta":{},"tags":[],"benchmarks":[]},{"ancestorTitles":["FP-11 前端错误处理统一","fenLeiCuoWu 错误分类"],"fullName":"FP-11 前端错误处理统一 fenLeiCuoWu 错误分类 null 归为未知错误","status":"passed","title":"null 归为未知错误","duration":0.14440000000104192,"failureMessages":[],"meta":{},"tags":[],"benchmarks":[]},{"ancestorTitles":["FP-11 前端错误处理统一","fenLeiCuoWu 错误分类"],"fullName":"FP-11 前端错误处理统一 fenLeiCuoWu 错误分类 undefined 归为未知错误","status":"passed","title":"undefined 归为未知错误","duration":0.14530000000013388,"failureMessages":[],"meta":{},"tags":[],"benchmarks":[]},{"ancestorTitles":["FP-11 前端错误处理统一","fenLeiCuoWu 错误分类"],"fullName":"FP-11 前端错误处理统一 fenLeiCuoWu 错误分类 字符串归为未知错误","status":"passed","title":"字符串归为未知错误","duration":0.10510000000067521,"failureMessages":[],"meta":{},"tags":[],"benchmarks":[]},{"ancestorTitles":["FP-11 前端错误处理统一","huoQuCuoWuTiShi 错误提示"],"fullName":"FP-11 前端错误处理统一 huoQuCuoWuTiShi 错误提示 网络错误返回 wangLuoCuoWu 翻译","status":"passed","title":"网络错误返回 wangLuoCuoWu 翻译","duration":0.24789999999848078,"failureMessages":[],"meta":{},"tags":[],"benchmarks":[]},{"ancestorTitles":["FP-11 前端错误处理统一","huoQuCuoWuTiShi 错误提示"],"fullName":"FP-11 前端错误处理统一 huoQuCuoWuTiShi 错误提示 ECONNABORTED 超时返回 qingQiuChaoShi 翻译","status":"passed","title":"ECONNABORTED 超时返回 qingQiuChaoShi 翻译","duration":0.13119999999980791,"failureMessages":[],"meta":{},"tags":[],"benchmarks":[]},{"ancestorTitles":["FP-11 前端错误处理统一","huoQuCuoWuTiShi 错误提示"],"fullName":"FP-11 前端错误处理统一 huoQuCuoWuTiShi 错误提示 鉴权错误返回 dengLuGuoQi 翻译","status":"passed","title":"鉴权错误返回 dengLuGuoQi 翻译","duration":0.1349999999983993,"failureMessages":[],"meta":{},"tags":[],"benchmarks":[]},{"ancestorTitles":["FP-11 前端错误处理统一","huoQuCuoWuTiShi 错误提示"],"fullName":"FP-11 前端错误处理统一 huoQuCuoWuTiShi 错误提示 服务器错误返回 fuWuQiCuoWu 翻译","status":"passed","title":"服务器错误返回 fuWuQiCuoWu 翻译","duration":0.12030000000231666,"failureMessages":[],"meta":{},"tags":[],"benchmarks":[]},{"ancestorTitles":["FP-11 前端错误处理统一","huoQuCuoWuTiShi 错误提示"],"fullName":"FP-11 前端错误处理统一 huoQuCuoWuTiShi 错误提示 输入错误返回 shuRuCuoWu 翻译","status":"passed","title":"输入错误返回 shuRuCuoWu 翻译","duration":0.15339999999923748,"failureMessages":[],"meta":{},"tags":[],"benchmarks":[]},{"ancestorTitles":["FP-11 前端错误处理统一","huoQuCuoWuTiShi 错误提示"],"fullName":"FP-11 前端错误处理统一 huoQuCuoWuTiShi 错误提示 业务错误优先返回错误实例的 message","status":"passed","title":"业务错误优先返回错误实例的 message","duration":0.14570000000094296,"failureMessages":[],"meta":{},"tags":[],"benchmarks":[]},{"ancestorTitles":["FP-11 前端错误处理统一","huoQuCuoWuTiShi 错误提示"],"fullName":"FP-11 前端错误处理统一 huoQuCuoWuTiShi 错误提示 业务错误 message 为空时返回 caoZuoShiBai 翻译","status":"passed","title":"业务错误 message 为空时返回 caoZuoShiBai 翻译","duration":0.13559999999779393,"failureMessages":[],"meta":{},"tags":[],"benchmarks":[]},{"ancestorTitles":["FP-11 前端错误处理统一","huoQuCuoWuTiShi 错误提示"],"fullName":"FP-11 前端错误处理统一 huoQuCuoWuTiShi 错误提示 未知错误有 message 时返回 message","status":"passed","title":"未知错误有 message 时返回 message","duration":0.1161000000029162,"failureMessages":[],"meta":{},"tags":[],"benchmarks":[]},{"ancestorTitles":["FP-11 前端错误处理统一","huoQuCuoWuTiShi 错误提示"],"fullName":"FP-11 前端错误处理统一 huoQuCuoWuTiShi 错误提示 未知错误为 null 时返回 weiZhiCuoWu 翻译","status":"passed","title":"未知错误为 null 时返回 weiZhiCuoWu 翻译","duration":0.3148000000001048,"failureMessages":[],"meta":{},"tags":[],"benchmarks":[]},{"ancestorTitles":["FP-11 前端错误处理统一","huoQuCuoWuTiShi 错误提示"],"fullName":"FP-11 前端错误处理统一 huoQuCuoWuTiShi 错误提示 未知错误为 undefined 时返回 weiZhiCuoWu 翻译","status":"passed","title":"未知错误为 undefined 时返回 weiZhiCuoWu 翻译","duration":0.18460000000050059,"failureMessages":[],"meta":{},"tags":[],"benchmarks":[]}],"startTime":1789537112575,"endTime":1789537112585.3147,"status":"passed","message":"","name":"D:/xuanr/Desktop/燃烧之陨我的世界服务端/和我恋爱吧/frontend/src/__tests__/错误处理.test.ts"},{"assertionResults":[{"ancestorTitles":["FP-03 前端全局错误边界","错误边界组件"],"fullName":"FP-03 前端全局错误边界 错误边界组件 无错误时渲染子组件内容","status":"passed","title":"无错误时渲染子组件内容","duration":45.248499999999694,"failureMessages":[],"meta":{},"tags":[],"benchmarks":[]},{"ancestorTitles":["FP-03 前端全局错误边界","错误边界组件"],"fullName":"FP-03 前端全局错误边界 错误边界组件 子组件抛出错误时显示错误提示 UI","status":"passed","title":"子组件抛出错误时显示错误提示 UI","duration":16.272399999999834,"failureMessages":[],"meta":{},"tags":[],"benchmarks":[]},{"ancestorTitles":["FP-03 前端全局错误边界","错误边界组件"],"fullName":"FP-03 前端全局错误边界 错误边界组件 错误提示包含翻译标题与描述","status":"passed","title":"错误提示包含翻译标题与描述","duration":10.003999999998996,"failureMessages":[],"meta":{},"tags":[],"benchmarks":[]},{"ancestorTitles":["FP-03 前端全局错误边界","错误边界组件"],"fullName":"FP-03 前端全局错误边界 错误边界组件 错误提示包含刷新页面按钮","status":"passed","title":"错误提示包含刷新页面按钮","duration":5.629700000001321,"failureMessages":[],"meta":{},"tags":[],"benchmarks":[]},{"ancestorTitles":["FP-03 前端全局错误边界","错误边界组件"],"fullName":"FP-03 前端全局错误边界 错误边界组件 点击刷新按钮调用 window.location.reload","status":"passed","title":"点击刷新按钮调用 window.location.reload","duration":7.695400000000518,"failureMessages":[],"meta":{},"tags":[],"benchmarks":[]},{"ancestorTitles":["FP-03 前端全局错误边界","错误边界组件"],"fullName":"FP-03 前端全局错误边界 错误边界组件 点击清除错误按钮重置错误状态并恢复子组件渲染","status":"passed","title":"点击清除错误按钮重置错误状态并恢复子组件渲染","duration":9.66359999999986,"failureMessages":[],"meta":{},"tags":[],"benchmarks":[]},{"ancestorTitles":["FP-03 前端全局错误边界","错误边界组件"],"fullName":"FP-03 前端全局错误边界 错误边界组件 清除错误按钮文案使用翻译","status":"passed","title":"清除错误按钮文案使用翻译","duration":5.3145999999997,"failureMessages":[],"meta":{},"tags":[],"benchmarks":[]},{"ancestorTitles":["FP-03 前端全局错误边界","错误边界组件"],"fullName":"FP-03 前端全局错误边界 错误边界组件 错误捕获时触发 cuoWuBuHuo 事件并附带错误信息","status":"passed","title":"错误捕获时触发 cuoWuBuHuo 事件并附带错误信息","duration":4.8531999999995605,"failureMessages":[],"meta":{},"tags":[],"benchmarks":[]},{"ancestorTitles":["FP-03 前端全局错误边界","错误边界组件"],"fullName":"FP-03 前端全局错误边界 错误边界组件 TypeError 归类为 leiXing","status":"passed","title":"TypeError 归类为 leiXing","duration":5.0671000000002095,"failureMessages":[],"meta":{},"tags":[],"benchmarks":[]},{"ancestorTitles":["FP-03 前端全局错误边界","错误边界组件"],"fullName":"FP-03 前端全局错误边界 错误边界组件 SyntaxError 归类为 yuFa","status":"passed","title":"SyntaxError 归类为 yuFa","duration":5.105000000001382,"failureMessages":[],"meta":{},"tags":[],"benchmarks":[]},{"ancestorTitles":["FP-03 前端全局错误边界","错误边界组件"],"fullName":"FP-03 前端全局错误边界 错误边界组件 普通 Error 归类为 weiZhi","status":"passed","title":"普通 Error 归类为 weiZhi","duration":3.9616000000005442,"failureMessages":[],"meta":{},"tags":[],"benchmarks":[]},{"ancestorTitles":["FP-03 前端全局错误边界","错误边界组件"],"fullName":"FP-03 前端全局错误边界 错误边界组件 defineExpose 暴露 huoQuDangQianCuoWu 与 qingChuCuoWu 方法","status":"passed","title":"defineExpose 暴露 huoQuDangQianCuoWu 与 qingChuCuoWu 方法","duration":6.720499999999447,"failureMessages":[],"meta":{},"tags":[],"benchmarks":[]},{"ancestorTitles":["FP-03 前端全局错误边界","错误边界组件"],"fullName":"FP-03 前端全局错误边界 错误边界组件 错误提示含 role=alert 与 aria-live 属性","status":"passed","title":"错误提示含 role=alert 与 aria-live 属性","duration":5.098599999999351,"failureMessages":[],"meta":{},"tags":[],"benchmarks":[]},{"ancestorTitles":["FP-03 前端全局错误边界","错误上报 hook"],"fullName":"FP-03 前端全局错误边界 错误上报 hook 未设置上报函数时 chuFaCuoWuShangBao 安全无副作用","status":"passed","title":"未设置上报函数时 chuFaCuoWuShangBao 安全无副作用","duration":2.4025000000001455,"failureMessages":[],"meta":{},"tags":[],"benchmarks":[]},{"ancestorTitles":["FP-03 前端全局错误边界","错误上报 hook"],"fullName":"FP-03 前端全局错误边界 错误上报 hook 设置后 chuFaCuoWuShangBao 调用上报函数","status":"passed","title":"设置后 chuFaCuoWuShangBao 调用上报函数","duration":3.3620999999984633,"failureMessages":[],"meta":{},"tags":[],"benchmarks":[]},{"ancestorTitles":["FP-03 前端全局错误边界","错误上报 hook"],"fullName":"FP-03 前端全局错误边界 错误上报 hook 上报函数自身抛错不会冒泡","status":"passed","title":"上报函数自身抛错不会冒泡","duration":0.6362000000008265,"failureMessages":[],"meta":{},"tags":[],"benchmarks":[]},{"ancestorTitles":["FP-03 前端全局错误边界","错误上报 hook"],"fullName":"FP-03 前端全局错误边界 错误上报 hook 传 null 清除上报函数","status":"passed","title":"传 null 清除上报函数","duration":0.4187999999994645,"failureMessages":[],"meta":{},"tags":[],"benchmarks":[]},{"ancestorTitles":["FP-03 前端全局错误边界","错误上报 hook"],"fullName":"FP-03 前端全局错误边界 错误上报 hook anZhuangQuanJuCuoWuJianTingQi 重复调用只安装一次","status":"passed","title":"anZhuangQuanJuCuoWuJianTingQi 重复调用只安装一次","duration":0.6435999999994237,"failureMessages":[],"meta":{},"tags":[],"benchmarks":[]},{"ancestorTitles":["FP-03 前端全局错误边界","错误上报 hook"],"fullName":"FP-03 前端全局错误边界 错误上报 hook unhandledrejection 事件触发上报（leiBie=chengNuo）","status":"passed","title":"unhandledrejection 事件触发上报（leiBie=chengNuo）","duration":1.6614000000008673,"failureMessages":[],"meta":{},"tags":[],"benchmarks":[]},{"ancestorTitles":["FP-03 前端全局错误边界","错误上报 hook"],"fullName":"FP-03 前端全局错误边界 错误上报 hook error 事件（资源加载）触发上报（leiBie=ziYuan）","status":"passed","title":"error 事件（资源加载）触发上报（leiBie=ziYuan）","duration":2.7105000000010477,"failureMessages":[],"meta":{},"tags":[],"benchmarks":[]},{"ancestorTitles":["FP-03 前端全局错误边界","FP-04 默认上报函数"],"fullName":"FP-03 前端全局错误边界 FP-04 默认上报函数 moRenShangBaoHanShu 使用 sendBeacon 上报到 /api/logs","status":"passed","title":"moRenShangBaoHanShu 使用 sendBeacon 上报到 /api/logs","duration":7.113999999999578,"failureMessages":[],"meta":{},"tags":[],"benchmarks":[]},{"ancestorTitles":["FP-03 前端全局错误边界","FP-04 默认上报函数"],"fullName":"FP-03 前端全局错误边界 FP-04 默认上报函数 Error 对象被序列化为 name/message/stack","status":"passed","title":"Error 对象被序列化为 name/message/stack","duration":1.721400000000358,"failureMessages":[],"meta":{},"tags":[],"benchmarks":[]},{"ancestorTitles":["FP-03 前端全局错误边界","FP-04 默认上报函数"],"fullName":"FP-03 前端全局错误边界 FP-04 默认上报函数 sendBeacon 不可用时回退到 fetch keepalive","status":"passed","title":"sendBeacon 不可用时回退到 fetch keepalive","duration":1.8272999999990134,"failureMessages":[],"meta":{},"tags":[],"benchmarks":[]},{"ancestorTitles":["FP-03 前端全局错误边界","FP-04 默认上报函数"],"fullName":"FP-03 前端全局错误边界 FP-04 默认上报函数 sendBeacon 返回 false 时回退到 fetch","status":"passed","title":"sendBeacon 返回 false 时回退到 fetch","duration":0.7744000000002416,"failureMessages":[],"meta":{},"tags":[],"benchmarks":[]},{"ancestorTitles":["FP-03 前端全局错误边界","FP-04 默认上报函数"],"fullName":"FP-03 前端全局错误边界 FP-04 默认上报函数 性能指标（fuJia.shangBaoLeiXing=xingNengZhiBiao）上报 lei_xing=xingNengZhiBiao","status":"passed","title":"性能指标（fuJia.shangBaoLeiXing=xingNengZhiBiao）上报 lei_xing=xingNengZhiBiao","duration":0.653599999999642,"failureMessages":[],"meta":{},"tags":[],"benchmarks":[]},{"ancestorTitles":["FP-03 前端全局错误边界","FP-04 默认上报函数"],"fullName":"FP-03 前端全局错误边界 FP-04 默认上报函数 chuShiHuaCuoWuShangBao 设置默认 hook 后 chuFaCuoWuShangBao 触发 sendBeacon","status":"passed","title":"chuShiHuaCuoWuShangBao 设置默认 hook 后 chuFaCuoWuShangBao 触发 sendBeacon","duration":0.9078000000008615,"failureMessages":[],"meta":{},"tags":[],"benchmarks":[]}],"startTime":1789537107766,"endTime":1789537107922.9077,"status":"passed","message":"","name":"D:/xuanr/Desktop/燃烧之陨我的世界服务端/和我恋爱吧/frontend/src/__tests__/错误边界.test.ts"},{"assertionResults":[{"ancestorTitles":["隐私政策 B-6 五处修订验收"],"fullName":"隐私政策 B-6 五处修订验收 1. 收集清单补全：身份信息中包含生日、密码、语音","status":"passed","title":"1. 收集清单补全：身份信息中包含生日、密码、语音","duration":1.738600000000588,"failureMessages":[],"meta":{},"tags":[],"benchmarks":[]},{"ancestorTitles":["隐私政策 B-6 五处修订验收"],"fullName":"隐私政策 B-6 五处修订验收 2. 新增数据保存期限章节","status":"passed","title":"2. 新增数据保存期限章节","duration":0.27049999999871943,"failureMessages":[],"meta":{},"tags":[],"benchmarks":[]},{"ancestorTitles":["隐私政策 B-6 五处修订验收"],"fullName":"隐私政策 B-6 五处修订验收 3. Cookie→localStorage：删除Cookie表述，改为localStorage存储JWT，补充localStorage用途","status":"passed","title":"3. Cookie→localStorage：删除Cookie表述，改为localStorage存储JWT，补充localStorage用途","duration":0.29130000000077416,"failureMessages":[],"meta":{},"tags":[],"benchmarks":[]},{"ancestorTitles":["隐私政策 B-6 五处修订验收"],"fullName":"隐私政策 B-6 五处修订验收 4. 第三方SDK补阿里云短信服务","status":"passed","title":"4. 第三方SDK补阿里云短信服务","duration":0.1389999999992142,"failureMessages":[],"meta":{},"tags":[],"benchmarks":[]},{"ancestorTitles":["隐私政策 B-6 五处修订验收"],"fullName":"隐私政策 B-6 五处修订验收 5. 排行榜公开披露用户昵称/微信昵称","status":"passed","title":"5. 排行榜公开披露用户昵称/微信昵称","duration":0.1643000000003667,"failureMessages":[],"meta":{},"tags":[],"benchmarks":[]},{"ancestorTitles":["隐私政策 B-6 五处修订验收"],"fullName":"隐私政策 B-6 五处修订验收 更新日期已更新","status":"passed","title":"更新日期已更新","duration":0.11689999999725842,"failureMessages":[],"meta":{},"tags":[],"benchmarks":[]}],"startTime":1789537114634,"endTime":1789537114637.1643,"status":"passed","message":"","name":"D:/xuanr/Desktop/燃烧之陨我的世界服务端/和我恋爱吧/frontend/src/__tests__/隐私政策修订.test.ts"}]}